#
# A fatal error has been detected by the Java Runtime Environment:
#
#  SIGBUS (0xa) at pc=0x00000001013e453c, pid=62084, tid=9987
#
# JRE version: Java(TM) SE Runtime Environment (17.0.9+11) (build 17.0.9+11-LTS-201)
# Java VM: Java HotSpot(TM) 64-Bit Server VM (17.0.9+11-LTS-201, mixed mode, emulated-client, sharing, tiered, compressed oops, compressed class ptrs, g1 gc, bsd-amd64)
# Problematic frame:
# C  [libzip.dylib+0x653c]  newEntry+0x5c
#
# No core dump will be written. Core dumps have been disabled. To enable core dumping, try "ulimit -c unlimited" before starting Java again
#
# If you would like to submit a bug report, please visit:
#   https://bugreport.java.com/bugreport/crash.jsp
# The crash happened outside the Java Virtual Machine in native code.
# See problematic frame for where to report the bug.
#

---------------  S U M M A R Y ------------

Command Line: -agentlib:jdwp=transport=dt_socket,address=127.0.0.1:54819,suspend=y,server=n -XX:TieredStopAtLevel=1 -Dspring.output.ansi.enabled=always -Dcom.sun.management.jmxremote -Dspring.jmx.enabled=true -Dspring.liveBeansView.mbeanDomain -Dspring.application.admin.enabled=true -Dmanagement.endpoints.jmx.exposure.include=* -javaagent:/Users/huerni/Library/Caches/JetBrains/IntelliJIdea2023.2/captureAgent/debugger-agent.jar=file:/private/var/folders/x0/rm8sj2bn6n53psrh_mx9vdrw0000gn/T/capture.props -Dfile.encoding=UTF-8 org.opengoofy.index12306.biz.payservice.PayServiceApplication

Host: "MacBookPro14,3" x86_64 2500 MHz, 4 cores, 16G, Darwin 21.6.0, macOS 12.7.1 (21G920)
Time: Tue Nov  7 15:28:02 2023 CST elapsed time: 63.252000 seconds (0d 0h 1m 3s)

---------------  T H R E A D  ---------------

Current thread (0x00007f8fae80ea00):  JavaThread "main" [_thread_in_native, id=9987, stack(0x000070000db69000,0x000070000dc69000)]

Stack: [0x000070000db69000,0x000070000dc69000],  sp=0x000070000dc667e0,  free space=1013k
Native frames: (J=compiled Java code, j=interpreted, Vv=VM code, C=native code)
C  [libzip.dylib+0x653c]  newEntry+0x5c
C  [libzip.dylib+0x640c]  ZIP_GetEntry2+0x15c
C  [libzip.dylib+0x6e2e]  ZIP_FindEntry+0x2e
V  [libjvm.dylib+0x2e1108]  _ZN17ClassPathZipEntry10open_entryEP10JavaThreadPKcPib+0xa8
V  [libjvm.dylib+0x2e1240]  _ZN17ClassPathZipEntry11open_streamEP10JavaThreadPKc+0x20
V  [libjvm.dylib+0x2e4970]  _ZN11ClassLoader10load_classEP6SymbolbP10JavaThread+0x190
V  [libjvm.dylib+0x9bf270]  _ZN16SystemDictionary24load_instance_class_implEP6Symbol6HandleP10JavaThread+0x350
V  [libjvm.dylib+0x9bdb85]  _ZN16SystemDictionary19load_instance_classEjP6Symbol6HandleP10JavaThread+0x25
V  [libjvm.dylib+0x9bd12e]  _ZN16SystemDictionary30resolve_instance_class_or_nullEP6Symbol6HandleS2_P10JavaThread+0x57e
V  [libjvm.dylib+0x9bc684]  _ZN16SystemDictionary15resolve_or_failEP6Symbol6HandleS2_bP10JavaThread+0x64
V  [libjvm.dylib+0x343117]  _ZN12ConstantPool13klass_at_implERK18constantPoolHandleiP10JavaThread+0x1a7
V  [libjvm.dylib+0x50098a]  _ZN18InterpreterRuntime4_newEP10JavaThreadP12ConstantPooli+0x6a
j  com.intellij.rt.debugger.agent.CaptureStorage.createCapturedStack(Ljava/lang/Throwable;Lcom/intellij/rt/debugger/agent/CaptureStorage$CapturedStack;)Lcom/intellij/rt/debugger/agent/CaptureStorage$CapturedStack;+4
j  com.intellij.rt.debugger.agent.CaptureStorage.capture(Ljava/lang/Object;)V+79
j  java.util.concurrent.FutureTask.<init>(Ljava/util/concurrent/Callable;)V+5 java.base@17.0.9
j  org.springframework.cglib.core.internal.LoadingCache.createEntry(Ljava/lang/Object;Ljava/lang/Object;Ljava/lang/Object;)Ljava/lang/Object;+27
j  org.springframework.cglib.core.internal.LoadingCache.get(Ljava/lang/Object;)Ljava/lang/Object;+39
j  org.springframework.cglib.core.AbstractClassGenerator$ClassLoaderData.get(Lorg/springframework/cglib/core/AbstractClassGenerator;Z)Ljava/lang/Object;+15
j  org.springframework.cglib.core.AbstractClassGenerator.create(Ljava/lang/Object;)Ljava/lang/Object;+115
j  org.springframework.cglib.reflect.FastClass$Generator.create()Lorg/springframework/cglib/reflect/FastClass;+19
j  org.springframework.cglib.proxy.MethodProxy.helper(Lorg/springframework/cglib/proxy/MethodProxy$CreateInfo;Ljava/lang/Class;)Lorg/springframework/cglib/reflect/FastClass;+54
j  org.springframework.cglib.proxy.MethodProxy.init()V+40
j  org.springframework.cglib.proxy.MethodProxy.create(Ljava/lang/Class;Ljava/lang/Class;Ljava/lang/String;Ljava/lang/String;Ljava/lang/String;)Lorg/springframework/cglib/proxy/MethodProxy;+76
j  org.apache.rocketmq.spring.autoconfigure.MessageConverterConfiguration$$SpringCGLIB$$0.CGLIB$STATICHOOK5()V+112
j  org.apache.rocketmq.spring.autoconfigure.MessageConverterConfiguration$$SpringCGLIB$$0.<clinit>()V+3
v  ~StubRoutines::call_stub
V  [libjvm.dylib+0x50a931]  _ZN9JavaCalls11call_helperEP9JavaValueRK12methodHandleP17JavaCallArgumentsP10JavaThread+0x2a1
V  [libjvm.dylib+0x4e8b24]  _ZN13InstanceKlass22call_class_initializerEP10JavaThread+0x254
V  [libjvm.dylib+0x4e7c4c]  _ZN13InstanceKlass15initialize_implEP10JavaThread+0x37c
V  [libjvm.dylib+0x5a3ce0]  JVM_FindClassFromCaller+0x2d0
C  [libjava.dylib+0x2996]  Java_java_lang_Class_forName0+0x136
J 1028  java.lang.Class.forName0(Ljava/lang/String;ZLjava/lang/ClassLoader;Ljava/lang/Class;)Ljava/lang/Class; java.base@17.0.9 (0 bytes) @ 0x00000001036e3f3f [0x00000001036e3e40+0x00000000000000ff]
J 1030 c1 java.lang.Class.forName(Ljava/lang/String;ZLjava/lang/ClassLoader;)Ljava/lang/Class; java.base@17.0.9 (47 bytes) @ 0x00000001036e47f4 [0x00000001036e46e0+0x0000000000000114]
j  org.springframework.cglib.core.ReflectUtils.defineClass(Ljava/lang/String;[BLjava/lang/ClassLoader;Ljava/security/ProtectionDomain;Ljava/lang/Class;)Ljava/lang/Class;+411
j  org.springframework.cglib.core.AbstractClassGenerator.generate(Lorg/springframework/cglib/core/AbstractClassGenerator$ClassLoaderData;)Ljava/lang/Class;+209
j  org.springframework.cglib.proxy.Enhancer.generate(Lorg/springframework/cglib/core/AbstractClassGenerator$ClassLoaderData;)Ljava/lang/Class;+53
j  org.springframework.cglib.core.AbstractClassGenerator$ClassLoaderData.lambda$new$1(Lorg/springframework/cglib/core/AbstractClassGenerator;)Ljava/lang/Object;+2
j  org.springframework.cglib.core.AbstractClassGenerator$ClassLoaderData$$Lambda$599+0x000000011b472690.apply(Ljava/lang/Object;)Ljava/lang/Object;+8
j  org.springframework.cglib.core.internal.LoadingCache.lambda$createEntry$1(Ljava/lang/Object;)Ljava/lang/Object;+5
j  org.springframework.cglib.core.internal.LoadingCache$$Lambda$601+0x000000011b472cf8.call()Ljava/lang/Object;+8
j  java.util.concurrent.FutureTask.run$$$capture()V+39 java.base@17.0.9
j  java.util.concurrent.FutureTask.run()V+5 java.base@17.0.9
j  org.springframework.cglib.core.internal.LoadingCache.createEntry(Ljava/lang/Object;Ljava/lang/Object;Ljava/lang/Object;)Ljava/lang/Object;+56
j  org.springframework.cglib.core.internal.LoadingCache.get(Ljava/lang/Object;)Ljava/lang/Object;+39
j  org.springframework.cglib.core.AbstractClassGenerator$ClassLoaderData.get(Lorg/springframework/cglib/core/AbstractClassGenerator;Z)Ljava/lang/Object;+15
j  org.springframework.cglib.core.AbstractClassGenerator.create(Ljava/lang/Object;)Ljava/lang/Object;+115
j  org.springframework.cglib.proxy.Enhancer.createHelper()Ljava/lang/Object;+102
j  org.springframework.cglib.proxy.Enhancer.createClass()Ljava/lang/Class;+6
j  org.springframework.context.annotation.ConfigurationClassEnhancer.createClass(Lorg/springframework/cglib/proxy/Enhancer;)Ljava/lang/Class;+1
j  org.springframework.context.annotation.ConfigurationClassEnhancer.enhance(Ljava/lang/Class;Ljava/lang/ClassLoader;)Ljava/lang/Class;+53
j  org.springframework.context.annotation.ConfigurationClassPostProcessor.enhanceConfigurationClasses(Lorg/springframework/beans/factory/config/ConfigurableListableBeanFactory;)V+415
j  org.springframework.context.annotation.ConfigurationClassPostProcessor.postProcessBeanFactory(Lorg/springframework/beans/factory/config/ConfigurableListableBeanFactory;)V+75
j  org.springframework.context.support.PostProcessorRegistrationDelegate.invokeBeanFactoryPostProcessors(Ljava/util/Collection;Lorg/springframework/beans/factory/config/ConfigurableListableBeanFactory;)V+61
j  org.springframework.context.support.PostProcessorRegistrationDelegate.invokeBeanFactoryPostProcessors(Lorg/springframework/beans/factory/config/ConfigurableListableBeanFactory;Ljava/util/List;)V+521
j  org.springframework.context.support.AbstractApplicationContext.invokeBeanFactoryPostProcessors(Lorg/springframework/beans/factory/config/ConfigurableListableBeanFactory;)V+5
j  org.springframework.context.support.AbstractApplicationContext.refresh()V+53
j  org.springframework.boot.web.servlet.context.ServletWebServerApplicationContext.refresh()V+1
j  org.springframework.boot.SpringApplication.refresh(Lorg/springframework/context/ConfigurableApplicationContext;)V+1
j  org.springframework.boot.SpringApplication.refreshContext(Lorg/springframework/context/ConfigurableApplicationContext;)V+16
j  org.springframework.boot.SpringApplication.run([Ljava/lang/String;)Lorg/springframework/context/ConfigurableApplicationContext;+101
j  org.springframework.boot.SpringApplication.run([Ljava/lang/Class;[Ljava/lang/String;)Lorg/springframework/context/ConfigurableApplicationContext;+9
j  org.springframework.boot.SpringApplication.run(Ljava/lang/Class;[Ljava/lang/String;)Lorg/springframework/context/ConfigurableApplicationContext;+9
j  org.opengoofy.index12306.biz.payservice.PayServiceApplication.main([Ljava/lang/String;)V+3
v  ~StubRoutines::call_stub
V  [libjvm.dylib+0x50a931]  _ZN9JavaCalls11call_helperEP9JavaValueRK12methodHandleP17JavaCallArgumentsP10JavaThread+0x2a1
V  [libjvm.dylib+0x56ccb2]  _ZL17jni_invoke_staticP7JNIEnv_P9JavaValueP8_jobject11JNICallTypeP10_jmethodIDP18JNI_ArgumentPusherP10JavaThread+0x152
V  [libjvm.dylib+0x570073]  jni_CallStaticVoidMethod+0x183
C  [libjli.dylib+0x50bf]  JavaMain+0x9bf
C  [libjli.dylib+0x77e9]  ThreadJavaMain+0x9
C  [libsystem_pthread.dylib+0x64e1]  _pthread_start+0x7d
C  [libsystem_pthread.dylib+0x1f6b]  thread_start+0xf

Java frames: (J=compiled Java code, j=interpreted, Vv=VM code)
j  com.intellij.rt.debugger.agent.CaptureStorage.createCapturedStack(Ljava/lang/Throwable;Lcom/intellij/rt/debugger/agent/CaptureStorage$CapturedStack;)Lcom/intellij/rt/debugger/agent/CaptureStorage$CapturedStack;+4
j  com.intellij.rt.debugger.agent.CaptureStorage.capture(Ljava/lang/Object;)V+79
j  java.util.concurrent.FutureTask.<init>(Ljava/util/concurrent/Callable;)V+5 java.base@17.0.9
j  org.springframework.cglib.core.internal.LoadingCache.createEntry(Ljava/lang/Object;Ljava/lang/Object;Ljava/lang/Object;)Ljava/lang/Object;+27
j  org.springframework.cglib.core.internal.LoadingCache.get(Ljava/lang/Object;)Ljava/lang/Object;+39
j  org.springframework.cglib.core.AbstractClassGenerator$ClassLoaderData.get(Lorg/springframework/cglib/core/AbstractClassGenerator;Z)Ljava/lang/Object;+15
j  org.springframework.cglib.core.AbstractClassGenerator.create(Ljava/lang/Object;)Ljava/lang/Object;+115
j  org.springframework.cglib.reflect.FastClass$Generator.create()Lorg/springframework/cglib/reflect/FastClass;+19
j  org.springframework.cglib.proxy.MethodProxy.helper(Lorg/springframework/cglib/proxy/MethodProxy$CreateInfo;Ljava/lang/Class;)Lorg/springframework/cglib/reflect/FastClass;+54
j  org.springframework.cglib.proxy.MethodProxy.init()V+40
j  org.springframework.cglib.proxy.MethodProxy.create(Ljava/lang/Class;Ljava/lang/Class;Ljava/lang/String;Ljava/lang/String;Ljava/lang/String;)Lorg/springframework/cglib/proxy/MethodProxy;+76
j  org.apache.rocketmq.spring.autoconfigure.MessageConverterConfiguration$$SpringCGLIB$$0.CGLIB$STATICHOOK5()V+112
j  org.apache.rocketmq.spring.autoconfigure.MessageConverterConfiguration$$SpringCGLIB$$0.<clinit>()V+3
v  ~StubRoutines::call_stub
J 1028  java.lang.Class.forName0(Ljava/lang/String;ZLjava/lang/ClassLoader;Ljava/lang/Class;)Ljava/lang/Class; java.base@17.0.9 (0 bytes) @ 0x00000001036e3ec2 [0x00000001036e3e40+0x0000000000000082]
J 1030 c1 java.lang.Class.forName(Ljava/lang/String;ZLjava/lang/ClassLoader;)Ljava/lang/Class; java.base@17.0.9 (47 bytes) @ 0x00000001036e47f4 [0x00000001036e46e0+0x0000000000000114]
j  org.springframework.cglib.core.ReflectUtils.defineClass(Ljava/lang/String;[BLjava/lang/ClassLoader;Ljava/security/ProtectionDomain;Ljava/lang/Class;)Ljava/lang/Class;+411
j  org.springframework.cglib.core.AbstractClassGenerator.generate(Lorg/springframework/cglib/core/AbstractClassGenerator$ClassLoaderData;)Ljava/lang/Class;+209
j  org.springframework.cglib.proxy.Enhancer.generate(Lorg/springframework/cglib/core/AbstractClassGenerator$ClassLoaderData;)Ljava/lang/Class;+53
j  org.springframework.cglib.core.AbstractClassGenerator$ClassLoaderData.lambda$new$1(Lorg/springframework/cglib/core/AbstractClassGenerator;)Ljava/lang/Object;+2
j  org.springframework.cglib.core.AbstractClassGenerator$ClassLoaderData$$Lambda$599+0x000000011b472690.apply(Ljava/lang/Object;)Ljava/lang/Object;+8
j  org.springframework.cglib.core.internal.LoadingCache.lambda$createEntry$1(Ljava/lang/Object;)Ljava/lang/Object;+5
j  org.springframework.cglib.core.internal.LoadingCache$$Lambda$601+0x000000011b472cf8.call()Ljava/lang/Object;+8
j  java.util.concurrent.FutureTask.run$$$capture()V+39 java.base@17.0.9
j  java.util.concurrent.FutureTask.run()V+5 java.base@17.0.9
j  org.springframework.cglib.core.internal.LoadingCache.createEntry(Ljava/lang/Object;Ljava/lang/Object;Ljava/lang/Object;)Ljava/lang/Object;+56
j  org.springframework.cglib.core.internal.LoadingCache.get(Ljava/lang/Object;)Ljava/lang/Object;+39
j  org.springframework.cglib.core.AbstractClassGenerator$ClassLoaderData.get(Lorg/springframework/cglib/core/AbstractClassGenerator;Z)Ljava/lang/Object;+15
j  org.springframework.cglib.core.AbstractClassGenerator.create(Ljava/lang/Object;)Ljava/lang/Object;+115
j  org.springframework.cglib.proxy.Enhancer.createHelper()Ljava/lang/Object;+102
j  org.springframework.cglib.proxy.Enhancer.createClass()Ljava/lang/Class;+6
j  org.springframework.context.annotation.ConfigurationClassEnhancer.createClass(Lorg/springframework/cglib/proxy/Enhancer;)Ljava/lang/Class;+1
j  org.springframework.context.annotation.ConfigurationClassEnhancer.enhance(Ljava/lang/Class;Ljava/lang/ClassLoader;)Ljava/lang/Class;+53
j  org.springframework.context.annotation.ConfigurationClassPostProcessor.enhanceConfigurationClasses(Lorg/springframework/beans/factory/config/ConfigurableListableBeanFactory;)V+415
j  org.springframework.context.annotation.ConfigurationClassPostProcessor.postProcessBeanFactory(Lorg/springframework/beans/factory/config/ConfigurableListableBeanFactory;)V+75
j  org.springframework.context.support.PostProcessorRegistrationDelegate.invokeBeanFactoryPostProcessors(Ljava/util/Collection;Lorg/springframework/beans/factory/config/ConfigurableListableBeanFactory;)V+61
j  org.springframework.context.support.PostProcessorRegistrationDelegate.invokeBeanFactoryPostProcessors(Lorg/springframework/beans/factory/config/ConfigurableListableBeanFactory;Ljava/util/List;)V+521
j  org.springframework.context.support.AbstractApplicationContext.invokeBeanFactoryPostProcessors(Lorg/springframework/beans/factory/config/ConfigurableListableBeanFactory;)V+5
j  org.springframework.context.support.AbstractApplicationContext.refresh()V+53
j  org.springframework.boot.web.servlet.context.ServletWebServerApplicationContext.refresh()V+1
j  org.springframework.boot.SpringApplication.refresh(Lorg/springframework/context/ConfigurableApplicationContext;)V+1
j  org.springframework.boot.SpringApplication.refreshContext(Lorg/springframework/context/ConfigurableApplicationContext;)V+16
j  org.springframework.boot.SpringApplication.run([Ljava/lang/String;)Lorg/springframework/context/ConfigurableApplicationContext;+101
j  org.springframework.boot.SpringApplication.run([Ljava/lang/Class;[Ljava/lang/String;)Lorg/springframework/context/ConfigurableApplicationContext;+9
j  org.springframework.boot.SpringApplication.run(Ljava/lang/Class;[Ljava/lang/String;)Lorg/springframework/context/ConfigurableApplicationContext;+9
j  org.opengoofy.index12306.biz.payservice.PayServiceApplication.main([Ljava/lang/String;)V+3
v  ~StubRoutines::call_stub

siginfo: si_signo: 10 (SIGBUS), si_code: 2 (BUS_ADRERR), si_addr: 0x00000001013a52ce

Register to memory mapping:

RAX=0x0000600003ecd270 points into unknown readable memory: 0x0000000000000000 | 00 00 00 00 00 00 00 00
RBX=0x0 is NULL
RCX=0x0000600003ecd270 points into unknown readable memory: 0x0000000000000000 | 00 00 00 00 00 00 00 00
RDX=0x00000000b3047ffb is an unknown value
RSP=0x000070000dc667e0 is pointing into the stack for thread: 0x00007f8fae80ea00
RBP=0x000070000dc66860 is pointing into the stack for thread: 0x00007f8fae80ea00
RSI=0x00000000000007fb is an unknown value
RDI=0x0000000101390000 points into unknown readable memory: 0x0000000000000000 | 00 00 00 00 00 00 00 00
R8 =0x0000000000052e01 is an unknown value
R9 =0x0000000000000045 is an unknown value
R10=0x0000600003e39738 points into unknown readable memory: 0x0000000000052e98 | 98 2e 05 00 00 00 00 00
R11=0x00000f8f9fba9988 is an unknown value
R12=0x0000600003ecd270 points into unknown readable memory: 0x0000000000000000 | 00 00 00 00 00 00 00 00
R13=0x00006000028300c0 points into unknown readable memory: 0x0000600003930360 | 60 03 93 03 00 60 00 00
R14=0x00007f8fae810000 points into unknown readable memory: 0xffffffff2d1adf6e | 6e df 1a 2d ff ff ff ff
R15=0x00000001013a52b2 points into unknown readable memory: 50 4b 01 02 00 00


Registers:
RAX=0x0000600003ecd270, RBX=0x0000000000000000, RCX=0x0000600003ecd270, RDX=0x00000000b3047ffb
RSP=0x000070000dc667e0, RBP=0x000070000dc66860, RSI=0x00000000000007fb, RDI=0x0000000101390000
R8 =0x0000000000052e01, R9 =0x0000000000000045, R10=0x0000600003e39738, R11=0x00000f8f9fba9988
R12=0x0000600003ecd270, R13=0x00006000028300c0, R14=0x00007f8fae810000, R15=0x00000001013a52b2
RIP=0x00000001013e453c, EFLAGS=0x0000000000010206, ERR=0x0000000000000004
  TRAPNO=0x000000000000000e

Top of Stack: (sp=0x000070000dc667e0)
0x000070000dc667e0:   0000000000000e38 0000600003934660
0x000070000dc667f0:   000070000dc66830 000000010269e0f9
0x000070000dc66800:   404f78fb63ec9720 000070000dc66ab8
0x000070000dc66810:   0000000000000000 00007f8fae104de0
0x000070000dc66820:   0000000102ebe4ed 0000600001330180
0x000070000dc66830:   00006000028300c0 000000002d1adf6e
0x000070000dc66840:   00007f8fae80f600 0000600003e0de50
0x000070000dc66850:   0000000000000a00 00007f8fae104e20
0x000070000dc66860:   000070000dc668b0 00000001013e440c
0x000070000dc66870:   0000000000000045 0000000000000100
0x000070000dc66880:   00006000028300c0 00007f8fae104e20
0x000070000dc66890:   00006000028300c0 00007f8fae104e20
0x000070000dc668a0:   000070000dc66908 000070000dc669dc
0x000070000dc668b0:   000070000dc668e0 00000001013e4e2e
0x000070000dc668c0:   00007f8fae80ea00 000070000dc669dc
0x000070000dc668d0:   0000000000000000 0000600001330300
0x000070000dc668e0:   000070000dc669c0 0000000102699108
0x000070000dc668f0:   0000003000000018 000070000dc66920
0x000070000dc66900:   000070000dc66840 291a2090a6c500e1
0x000070000dc66910:   000070000dc66a00 000000010269cc5b
0x000070000dc66920:   0000000000000000 0000000000000000
0x000070000dc66930:   00007f8fae104de0 000000000000003f
0x000070000dc66940:   000000000000008f 00007f8fafb446f4
0x000070000dc66950:   000070000dc66b18 000000011a45c0c8
0x000070000dc66960:   000060000363c380 0000600003337780
0x000070000dc66970:   000000006d62fc1f 0000000000000000
0x000070000dc66980:   000070000dc66a10 0000000102d781df
0x000070000dc66990:   291a2090a6c500e1 0000000000000000
0x000070000dc669a0:   0000000000000000 0000600001330300
0x000070000dc669b0:   0000600001330300 00007f8fae80ea00
0x000070000dc669c0:   000070000dc66a00 0000000102699240
0x000070000dc669d0:   0000003000000018 0000000102ccb259 

Instructions: (pc=0x00000001013e453c)
0x00000001013e443c:   04 0f 48 8d 49 01 74 ec e9 77 ff ff ff 0f 1f 80
0x00000001013e444c:   00 00 00 00 45 31 ed eb 0b 45 31 ed 44 8b 75 cc
0x00000001013e445c:   4c 8b 4d c0 45 84 f6 74 2a 4d 85 ed 75 25 4d 85
0x00000001013e446c:   c9 0f 8e bd fe ff ff 43 80 7c 39 ff 2f 0f 85 b1
0x00000001013e447c:   fe ff ff 45 31 ed eb 0b 48 c7 87 98 00 00 00 00
0x00000001013e448c:   00 00 00 48 8b 7f 50 e8 02 12 00 00 4c 89 e8 48
0x00000001013e449c:   83 c4 18 5b 41 5c 41 5d 41 5e 41 5f 5d c3 66 0f
0x00000001013e44ac:   1f 44 00 00 55 48 89 e5 39 ce 75 1b 31 c0 66 0f
0x00000001013e44bc:   1f 44 00 00 85 f6 7e 13 ff ce 0f b6 0c 07 3a 0c
0x00000001013e44cc:   02 48 8d 40 01 74 ed 31 c0 eb 02 b0 01 0f b6 c0
0x00000001013e44dc:   5d c3 66 90 55 48 89 e5 41 57 41 56 41 55 41 54
0x00000001013e44ec:   53 48 83 ec 58 89 d3 49 89 f6 49 89 fd bf 48 00
0x00000001013e44fc:   00 00 e8 39 12 00 00 48 85 c0 74 7b 49 89 c4 48
0x00000001013e450c:   c7 00 00 00 00 00 48 c7 40 28 00 00 00 00 48 c7
0x00000001013e451c:   40 30 00 00 00 00 41 80 7d 30 00 89 5d b4 74 5f
0x00000001013e452c:   4d 8b 7d 18 4d 03 7e 08 4d 2b 7d 28 4c 89 6d d0
0x00000001013e453c:   41 0f b7 5f 1c 41 0f b6 47 1e 48 89 45 c0 45 0f
0x00000001013e454c:   b6 6f 1f 41 0f b7 4f 20 41 8b 47 0c 49 89 44 24
0x00000001013e455c:   08 41 8b 47 18 48 89 45 90 49 89 44 24 10 66 41
0x00000001013e456c:   83 7f 0a 00 48 89 4d c8 0f 84 9c 00 00 00 41 8b
0x00000001013e457c:   47 14 e9 95 00 00 00 45 31 e4 e9 95 02 00 00 4d
0x00000001013e458c:   8b 76 08 85 db 0f 84 dd 01 00 00 4d 8b 7d 38 4d
0x00000001013e459c:   85 ff 74 44 49 8b 45 40 4c 39 f0 7f 3b 48 8d 88
0x00000001013e45ac:   d2 1f 00 00 4c 39 f1 7c 2f 4d 01 f7 49 29 c7 48
0x00000001013e45bc:   05 00 20 00 00 41 0f b7 4f 1c 41 0f b7 57 1e 41
0x00000001013e45cc:   0f b7 77 20 4c 01 f1 48 01 d1 48 8d 4c 0e 2e 48
0x00000001013e45dc:   39 c1 0f 8e a3 01 00 00 4c 89 ef 4c 89 f6 ba 00
0x00000001013e45ec:   20 00 00 e8 0c 0f 00 00 48 85 c0 0f 84 93 01 00
0x00000001013e45fc:   00 49 89 c7 49 8b 7d 38 e8 f7 10 00 00 4d 89 7d
0x00000001013e460c:   38 4d 89 75 40 e9 22 ff ff ff 31 c0 48 89 45 88
0x00000001013e461c:   49 89 44 24 18 41 8b 47 10 41 89 44 24 20 45 8b
0x00000001013e462c:   77 2a 48 8b 45 d0 48 8b 80 b8 00 00 00 4c 01 f0 


Stack slot to memory mapping:
stack at sp + 0 slots: 0x0000000000000e38 is an unknown value
stack at sp + 1 slots: 0x0000600003934660 points into unknown readable memory: 0x0000000102ff6898 | 98 68 ff 02 01 00 00 00
stack at sp + 2 slots: 0x000070000dc66830 is pointing into the stack for thread: 0x00007f8fae80ea00
stack at sp + 3 slots: 0x000000010269e0f9: _ZN20FormatStringEventLogILm256EE4logvEP6ThreadPKcP13__va_list_tag+0x99 in /Library/Java/JavaVirtualMachines/jdk-17.jdk/Contents/Home/lib/server/libjvm.dylib at 0x00000001023b8000
stack at sp + 4 slots: 0x404f78fb63ec9720 is an unknown value
stack at sp + 5 slots: 0x000070000dc66ab8 is pointing into the stack for thread: 0x00007f8fae80ea00
stack at sp + 6 slots: 0x0 is NULL
stack at sp + 7 slots: 0x00007f8fae104de0 points into unknown readable memory: 0x65746e692f6d6f63 | 63 6f 6d 2f 69 6e 74 65


Compiled method (n/a)   63405 1028     n 0       java.lang.Class::forName0 (native)
 total in heap  [0x00000001036e3c90,0x00000001036e40e0] = 1104
 relocation     [0x00000001036e3df0,0x00000001036e3e28] = 56
 main code      [0x00000001036e3e40,0x00000001036e40e0] = 672

[Constant Pool (empty)]

[MachCode]
[Entry Point]
  # {method} {0x000000011a445b50} 'forName0' '(Ljava/lang/String;ZLjava/lang/ClassLoader;Ljava/lang/Class;)Ljava/lang/Class;' in 'java/lang/Class'
  # parm0:    rsi:rsi   = 'java/lang/String'
  # parm1:    rdx       = boolean
  # parm2:    rcx:rcx   = 'java/lang/ClassLoader'
  # parm3:    r8:r8     = 'java/lang/Class'
  #           [sp+0x50]  (sp of caller)
  0x00000001036e3e40: 448b 5608 | 49bb 0000 | 001a 0100 | 0000 4d03 | d349 3bc2 | 0f84 0600 

  0x00000001036e3e58: ;   {runtime_call ic_miss_stub}
  0x00000001036e3e58: 0000 e921 | 09da ff90 
[Verified Entry Point]
  0x00000001036e3e60: 8984 2400 | c0fe ff55 | 488b ec48 | 83ec 404c | 8944 2418 | 4983 f800 | 4c8d 4c24 | 184c 0f44 
  0x00000001036e3e80: 4c24 1848 | 894c 2410 | 4883 f900 | 4c8d 4424 | 104c 0f44 | 4424 1048 | 8bca 4889 | 3424 4883 
  0x00000001036e3ea0: fe00 488d | 1424 480f 

  0x00000001036e3ea8: ;   {oop(a 'java/lang/Class'{0x00000007ffd00958} = 'java/lang/Class')}
  0x00000001036e3ea8: 4414 2449 | be58 09d0 | ff07 0000 | 004c 8974 | 2430 4c8d | 7424 3049 | 8bf6 c5f8 

  0x00000001036e3ec4: ;   {internal_word}
  0x00000001036e3ec4: 7749 bac2 | 3e6e 0301 | 0000 004d | 8997 9802 | 0000 4989 | a790 0200 

  0x00000001036e3edc: ;   {external_word}
  0x00000001036e3edc: 0080 3d56 | e996 ff00 | 0f84 3e00 | 0000 5652 | 5141 5041 

  0x00000001036e3ef0: ;   {metadata({method} {0x000000011a445b50} 'forName0' '(Ljava/lang/String;ZLjava/lang/ClassLoader;Ljava/lang/Class;)Ljava/lang/Class;' in 'java/lang/Class')}
  0x00000001036e3ef0: 5148 be50 | 5b44 1a01 | 0000 0049 | 8bff f7c4 | 0f00 0000 | 0f84 1200 | 0000 4883 

  0x00000001036e3f0c: ;   {runtime_call _ZN13SharedRuntime19dtrace_method_entryEP10JavaThreadP6Method}
  0x00000001036e3f0c: ec08 e81d | c45f ff48 | 83c4 08e9 | 0500 0000 

  0x00000001036e3f1c: ;   {runtime_call _ZN13SharedRuntime19dtrace_method_entryEP10JavaThreadP6Method}
  0x00000001036e3f1c: e80f c45f | ff41 5941 | 5859 5a5e | 498d bfb0 | 0200 0041 | c787 4003 | 0000 0400 

  0x00000001036e3f38: ;   {runtime_call Java_java_lang_Class_forName0}
  0x00000001036e3f38: 0000 e821 | d9d5 fdc5 | f877 41c7 | 8740 0300 | 0005 0000 | 00f0 8344 | 24c0 0049 | 3baf 4803 
  0x00000001036e3f58: 0000 0f87 | 1100 0000 | 4181 bf30 | 0300 0000 | 0000 000f | 8424 0000 | 00c5 f877 | 4889 45f8 
  0x00000001036e3f78: 498b ff4c | 8be4 4883 | ec00 4883 

  0x00000001036e3f84: ;   {runtime_call _ZN10JavaThread40check_special_condition_for_native_transEPS_}
  0x00000001036e3f84: e4f0 e815 | 5f6d ff49 | 8be4 4d33 | e448 8b45 | f841 c787 | 4003 0000 | 0800 0000 | 4181 bfb0 
  0x00000001036e3fa4: 0300 0002 | 0000 000f | 8408 0100 

  0x00000001036e3fb0: ;   {external_word}
  0x00000001036e3fb0: 0080 3d82 | e896 ff00 | 0f84 3800 | 0000 4889 

  0x00000001036e3fc0: ;   {metadata({method} {0x000000011a445b50} 'forName0' '(Ljava/lang/String;ZLjava/lang/ClassLoader;Ljava/lang/Class;)Ljava/lang/Class;' in 'java/lang/Class')}
  0x00000001036e3fc0: 45f8 48be | 505b 441a | 0100 0000 | 498b fff7 | c40f 0000 | 000f 8412 | 0000 0048 

  0x00000001036e3fdc: ;   {runtime_call _ZN13SharedRuntime18dtrace_method_exitEP10JavaThreadP6Method}
  0x00000001036e3fdc: 83ec 08e8 | 5cc3 5fff | 4883 c408 | e905 0000 

  0x00000001036e3fec: ;   {runtime_call _ZN13SharedRuntime18dtrace_method_exitEP10JavaThreadP6Method}
  0x00000001036e3fec: 00e8 4ec3 | 5fff 488b | 45f8 49c7 | 8790 0200 | 0000 0000 | 0049 c787 | 9802 0000 | 0000 0000 
  0x00000001036e400c: c5f8 7748 | 85c0 0f84 | 7b00 0000 | 48f7 c001 | 0000 000f | 846b 0000 | 0048 8b40 | ff41 807f 
  0x00000001036e402c: 3800 0f84 | 5700 0000 | 4883 f800 | 0f84 4d00 | 0000 498b | 4f20 4883 | f900 0f84 | 1400 0000 
  0x00000001036e404c: 4883 e908 | 4989 4f20 | 4903 4f30 | 4889 01e9 | 2b00 0000 | 5049 8bf7 | 488b f8f7 | c40f 0000 
  0x00000001036e406c: 000f 8412 | 0000 0048 

  0x00000001036e4074: ;   {runtime_call _ZN19G1BarrierSetRuntime25write_ref_field_pre_entryEP7oopDescP10JavaThread}
  0x00000001036e4074: 83ec 08e8 | b44c 0dff | 4883 c408 | e905 0000 

  0x00000001036e4084: ;   {runtime_call _ZN19G1BarrierSetRuntime25write_ref_field_pre_entryEP7oopDescP10JavaThread}
  0x00000001036e4084: 00e8 a64c | 0dff 58e9 | 0300 0000 | 488b 0049 | 8b8f d800 | 0000 c781 | 0001 0000 | 0000 0000 
  0x00000001036e40a4: c949 817f | 0800 0000 | 000f 8501 | 0000 00c3 

  0x00000001036e40b4: ;   {runtime_call StubRoutines (1)}
  0x00000001036e40b4: e947 4bd5 | ffc5 f877 | 4889 45f8 | 4c8b e448 | 83ec 0048 

  0x00000001036e40c8: ;   {runtime_call _ZN13SharedRuntime20reguard_yellow_pagesEv}
  0x00000001036e40c8: 83e4 f0e8 | d0e6 5fff | 498b e44d | 33e4 488b | 45f8 e9d2 | feff fff4 
[/MachCode]


Compiled method (c1)   63419 1030       1       java.lang.Class::forName (47 bytes)
 total in heap  [0x00000001036e4510,0x00000001036e49d0] = 1216
 relocation     [0x00000001036e4670,0x00000001036e46c8] = 88
 main code      [0x00000001036e46e0,0x00000001036e4860] = 384
 stub code      [0x00000001036e4860,0x00000001036e48c0] = 96
 metadata       [0x00000001036e48c0,0x00000001036e48e8] = 40
 scopes data    [0x00000001036e48e8,0x00000001036e4950] = 104
 scopes pcs     [0x00000001036e4950,0x00000001036e49b0] = 96
 dependencies   [0x00000001036e49b0,0x00000001036e49c0] = 16
 nul chk table  [0x00000001036e49c0,0x00000001036e49d0] = 16

[Constant Pool (empty)]

[MachCode]
[Verified Entry Point]
  # {method} {0x000000011a445c68} 'forName' '(Ljava/lang/String;ZLjava/lang/ClassLoader;)Ljava/lang/Class;' in 'java/lang/Class'
  # parm0:    rsi:rsi   = 'java/lang/String'
  # parm1:    rdx       = boolean
  # parm2:    rcx:rcx   = 'java/lang/ClassLoader'
  #           [sp+0xa0]  (sp of caller)
  0x00000001036e46e0: 8984 2400 | c0fe ff55 | 4881 ec90 | 0000 0048 | 8974 2460 | 8954 2468 | 4889 4c24 

  0x00000001036e46fc: ;   {oop(a 'java/lang/Class'{0x00000007ffd00770} = 'java/lang/System')}
  0x00000001036e46fc: 5048 bf70 | 07d0 ff07 | 0000 008b | 7f7c 48c1 | e703 4889 | 7c24 5848 | 83ff 000f | 850f 0000 
  0x00000001036e471c: ;   {oop(NULL)}
  0x00000001036e471c: 0048 bb00 | 0000 0000 | 0000 00e9 | a300 0000 

  0x00000001036e472c: ;   {static_call}
  0x00000001036e472c: 6666 90e8 

  0x00000001036e4730: ; ImmutableOopMap {[96]=Oop [88]=Oop [80]=Oop }
                      ;*invokestatic getCallerClass {reexecute=0 rethrow=0 return_oop=0}
                      ; - java.lang.Class::forName@12 (line 458)
  0x00000001036e4730: 4c09 daff | 488b 4c24 | 5048 83f9 | 000f 8411 | 0000 0048 | 8bd8 8b54 | 2468 488b | 7424 60e9 
  0x00000001036e4750: 7b00 0000 | 4883 f800 | 0f85 0f00 

  0x00000001036e475c: ;   {oop(NULL)}
  0x00000001036e475c: 0000 48bf | 0000 0000 | 0000 0000 | e90a 0000 | 008b 5034 | 48c1 e203 | 488b fa48 | 83ff 000f 
  0x00000001036e477c: 8511 0000 | 0048 8bd8 | 8b54 2468 | 488b 7424 | 60e9 3d00 | 0000 4889 | 7c24 7848 | 8944 2470 
  0x00000001036e479c: ;   {oop(a 'java/lang/RuntimePermission'{0x00000007016cff70})}
  0x00000001036e479c: 48ba 70ff | 6c01 0700 | 0000 488b | 7424 5866 | 9048 b8ff | ffff ffff 

  0x00000001036e47b4: ;   {virtual_call}
  0x00000001036e47b4: ffff ffe8 

  0x00000001036e47b8: ; ImmutableOopMap {[96]=Oop [88]=Oop [80]=Oop [120]=Oop [112]=Oop }
                      ;*invokevirtual checkPermission {reexecute=0 rethrow=0 return_oop=0}
                      ; - java.lang.Class::forName@36 (line 462)
  0x00000001036e47b8: c405 daff | 488b 5c24 | 7048 8b4c | 2450 8b54 | 2468 488b | 7424 6048 | 8bc6 488b | f04c 8bca 
  0x00000001036e47d8: 498b d14c | 8bd9 498b | cb4c 8bc3 | 4889 9c24 | 8000 0000 

  0x00000001036e47ec: ;   {static_call}
  0x00000001036e47ec: 6666 90e8 

  0x00000001036e47f0: ; ImmutableOopMap {[80]=Oop [88]=Oop [128]=Oop [96]=Oop }
                      ;*invokestatic forName0 {reexecute=0 rethrow=0 return_oop=0}
                      ; - java.lang.Class::forName@43 (line 467)
  0x00000001036e47f0: 6cf6 ffff | 4881 c490 | 0000 005d 

  0x00000001036e47fc: ;   {poll_return}
  0x00000001036e47fc: 493b a748 | 0300 000f | 8706 0000 

  0x00000001036e4808: ;   {runtime_call throw_null_pointer_exception Runtime1 stub}
  0x00000001036e4808: 00c3 e811 

  0x00000001036e480c: ; ImmutableOopMap {[96]=Oop [88]=Oop rcx=Oop [80]=Oop rax=Oop }
                      ;*invokevirtual getClassLoader0 {reexecute=0 rethrow=0 return_oop=0}
                      ; - java.lang.ClassLoader::getClassLoader@7 (line 2040)
                      ; - java.lang.Class::forName@21 (line 460)
                      ;   {internal_word}
  0x00000001036e480c: 15e5 ff49 | bafc 476e | 0301 0000 | 004d 8997 | 6003 0000 

  0x00000001036e4820: ;   {runtime_call SafepointBlob}
  0x00000001036e4820: e9db 68da | ff90 9049 | 8b87 d803 | 0000 49c7 | 87d8 0300 | 0000 0000 | 0049 c787 | e003 0000 
  0x00000001036e4840: 0000 0000 | 4881 c490 | 0000 005d 

  0x00000001036e484c: ;   {runtime_call unwind_exception Runtime1 stub}
  0x00000001036e484c: e9af 05e5 | fff4 f4f4 | f4f4 f4f4 | f4f4 f4f4 | f4f4 f4f4 
[Stub Code]
  0x00000001036e4860: ;   {no_reloc}
  0x00000001036e4860: 0f1f 4400 

  0x00000001036e4864: ;   {static_stub}
  0x00000001036e4864: 0048 bb00 | 0000 0000 

  0x00000001036e486c: ;   {runtime_call}
  0x00000001036e486c: 0000 00e9 | fbff ffff 

  0x00000001036e4874: ;   {static_stub}
  0x00000001036e4874: 9048 bb00 | 0000 0000 

  0x00000001036e487c: ;   {runtime_call}
  0x00000001036e487c: 0000 00e9 | fbff ffff 

  0x00000001036e4884: ;   {static_stub}
  0x00000001036e4884: 9048 bb00 | 0000 0000 

  0x00000001036e488c: ;   {runtime_call}
  0x00000001036e488c: 0000 00e9 | fbff ffff 
[Exception Handler]
  0x00000001036e4894: ;   {runtime_call handle_exception_from_callee Runtime1 stub}
  0x00000001036e4894: e867 32e5 

  0x00000001036e4898: ;   {external_word}
  0x00000001036e4898: ff48 bfbe | 79eb 0201 | 0000 0048 

  0x00000001036e48a4: ;   {runtime_call _ZN14MacroAssembler7debug64EPcxPx}
  0x00000001036e48a4: 83e4 f0e8 | 743d 46ff 

  0x00000001036e48ac: ;   {section_word}
  0x00000001036e48ac: f449 baad | 486e 0301 | 0000 0041 

  0x00000001036e48b8: ;   {runtime_call DeoptimizationBlob}
  0x00000001036e48b8: 52e9 e25a | daff f4f4 
[/MachCode]


---------------  P R O C E S S  ---------------

Threads class SMR info:
_java_thread_list=0x0000600001c6c5e0, length=15, elements={
0x00007f8fae80ea00, 0x00007f8faf00b600, 0x00007f8fb0010400, 0x00007f8faf008e00,
0x00007f8faf009400, 0x00007f8faf009a00, 0x00007f8fb0012600, 0x00007f8fad80ee00,
0x00007f8fb0013600, 0x00007f8fad81d000, 0x00007f8fae8e3400, 0x00007f8fae8e5000,
0x00007f8fae8e5600, 0x00007f8fae8eb400, 0x00007f8fad821000
}

Java Threads: ( => current thread )
=>0x00007f8fae80ea00 JavaThread "main" [_thread_in_native, id=9987, stack(0x000070000db69000,0x000070000dc69000)]
  0x00007f8faf00b600 JavaThread "Reference Handler" daemon [_thread_blocked, id=16643, stack(0x000070000e27e000,0x000070000e37e000)]
  0x00007f8fb0010400 JavaThread "Finalizer" daemon [_thread_blocked, id=16131, stack(0x000070000e381000,0x000070000e481000)]
  0x00007f8faf008e00 JavaThread "Signal Dispatcher" daemon [_thread_blocked, id=23555, stack(0x000070000e58a000,0x000070000e68a000)]
  0x00007f8faf009400 JavaThread "Service Thread" daemon [_thread_blocked, id=42755, stack(0x000070000e68d000,0x000070000e78d000)]
  0x00007f8faf009a00 JavaThread "Monitor Deflation Thread" daemon [_thread_blocked, id=42243, stack(0x000070000e790000,0x000070000e890000)]
  0x00007f8fb0012600 JavaThread "C1 CompilerThread0" daemon [_thread_blocked, id=24067, stack(0x000070000e893000,0x000070000e993000)]
  0x00007f8fad80ee00 JavaThread "Sweeper thread" daemon [_thread_blocked, id=41987, stack(0x000070000e996000,0x000070000ea96000)]
  0x00007f8fb0013600 JavaThread "Common-Cleaner" daemon [_thread_blocked, id=24579, stack(0x000070000ea99000,0x000070000eb99000)]
  0x00007f8fad81d000 JavaThread "JDWP Transport Listener: dt_socket" daemon [_thread_blocked, id=25095, stack(0x000070000eb9c000,0x000070000ec9c000)]
  0x00007f8fae8e3400 JavaThread "JDWP Event Helper Thread" daemon [_thread_blocked, id=41475, stack(0x000070000ec9f000,0x000070000ed9f000)]
  0x00007f8fae8e5000 JavaThread "JDWP Command Reader" daemon [_thread_in_native, id=25859, stack(0x000070000eda2000,0x000070000eea2000)]
  0x00007f8fae8e5600 JavaThread "Notification Thread" daemon [_thread_blocked, id=26371, stack(0x000070000eea5000,0x000070000efa5000)]
  0x00007f8fae8eb400 JavaThread "Attach Listener" daemon [_thread_blocked, id=26627, stack(0x000070000efa8000,0x000070000f0a8000)]
  0x00007f8fad821000 JavaThread "RMI TCP Accept-0" daemon [_thread_in_native, id=27139, stack(0x000070000f3b4000,0x000070000f4b4000)]

Other Threads:
  0x00007f8fae10a930 VMThread "VM Thread" [stack: 0x000070000e17b000,0x000070000e27b000] [id=16899]
  0x00007f8fae2209a0 WatcherThread [stack: 0x000070000f4b7000,0x000070000f5b7000] [id=39427]
  0x00007f8fae106ff0 GCTaskThread "GC Thread#0" [stack: 0x000070000dc6c000,0x000070000dd6c000] [id=20227]
  0x00007f8fae118950 GCTaskThread "GC Thread#1" [stack: 0x000070000f0ab000,0x000070000f1ab000] [id=22791]
  0x00007f8fae214950 GCTaskThread "GC Thread#2" [stack: 0x000070000f1ae000,0x000070000f2ae000] [id=40451]
  0x00007f8fae2151c0 GCTaskThread "GC Thread#3" [stack: 0x000070000f2b1000,0x000070000f3b1000] [id=39939]
  0x00007f8fae1076a0 ConcurrentGCThread "G1 Main Marker" [stack: 0x000070000dd6f000,0x000070000de6f000] [id=13059]
  0x00007f8fae204380 ConcurrentGCThread "G1 Conc#0" [stack: 0x000070000de72000,0x000070000df72000] [id=13827]
  0x00007f8fae108f20 ConcurrentGCThread "G1 Refine#0" [stack: 0x000070000df75000,0x000070000e075000] [id=19459]
  0x00007f8fad705110 ConcurrentGCThread "G1 Service" [stack: 0x000070000e078000,0x000070000e178000] [id=18947]

Threads with active compile tasks:

VM state: not at safepoint (normal execution)

VM Mutex/Monitor currently owned by a thread: None

Heap address: 0x0000000700000000, size: 4096 MB, Compressed Oops mode: Zero based, Oop shift amount: 3

CDS archive(s) mapped at: [0x000000011a000000-0x000000011abe4000-0x000000011abe4000), size 12468224, SharedBaseAddress: 0x000000011a000000, ArchiveRelocationMode: 1.
Compressed class space mapped at: 0x000000011b000000-0x000000015b000000, reserved size: 1073741824
Narrow klass base: 0x000000011a000000, Narrow klass shift: 0, Narrow klass range: 0x100000000

GC Precious Log:
 CPUs: 4 total, 4 available
 Memory: 16384M
 Large Page Support: Disabled
 NUMA Support: Disabled
 Compressed Oops: Enabled (Zero based)
 Heap Region Size: 2M
 Heap Min Capacity: 8M
 Heap Initial Capacity: 256M
 Heap Max Capacity: 4G
 Pre-touch: Disabled
 Parallel Workers: 4
 Concurrent Workers: 1
 Concurrent Refinement Workers: 4
 Periodic GC: Disabled

Heap:
 garbage-first heap   total 110592K, used 74261K [0x0000000700000000, 0x0000000800000000)
  region size 2048K, 23 young (47104K), 2 survivors (4096K)
 Metaspace       used 31946K, committed 32320K, reserved 1114112K
  class space    used 4304K, committed 4480K, reserved 1048576K

Heap Regions: E=young(eden), S=young(survivor), O=old, HS=humongous(starts), HC=humongous(continues), CS=collection set, F=free, OA=open archive, CA=closed archive, TAMS=top-at-mark-start (previous, next)
|   0|0x0000000700000000, 0x0000000700200000, 0x0000000700200000|100%|HS|  |TAMS 0x0000000700200000, 0x0000000700000000| Complete 
|   1|0x0000000700200000, 0x0000000700400000, 0x0000000700400000|100%|HC|  |TAMS 0x0000000700400000, 0x0000000700200000| Complete 
|   2|0x0000000700400000, 0x0000000700600000, 0x0000000700600000|100%| O|  |TAMS 0x0000000700600000, 0x0000000700400000| Untracked 
|   3|0x0000000700600000, 0x0000000700800000, 0x0000000700800000|100%| O|  |TAMS 0x0000000700800000, 0x0000000700600000| Untracked 
|   4|0x0000000700800000, 0x0000000700a00000, 0x0000000700a00000|100%| O|  |TAMS 0x0000000700a00000, 0x0000000700800000| Untracked 
|   5|0x0000000700a00000, 0x0000000700c00000, 0x0000000700c00000|100%| O|  |TAMS 0x0000000700c00000, 0x0000000700a00000| Untracked 
|   6|0x0000000700c00000, 0x0000000700e00000, 0x0000000700e00000|100%| O|  |TAMS 0x0000000700e00000, 0x0000000700c00000| Untracked 
|   7|0x0000000700e00000, 0x0000000701000000, 0x0000000701000000|100%| O|  |TAMS 0x0000000701000000, 0x0000000700e00000| Untracked 
|   8|0x0000000701000000, 0x0000000701200000, 0x0000000701200000|100%| O|  |TAMS 0x0000000701200000, 0x0000000701000000| Untracked 
|   9|0x0000000701200000, 0x0000000701200000, 0x0000000701400000|  0%| F|  |TAMS 0x0000000701200000, 0x0000000701200000| Untracked 
|  10|0x0000000701400000, 0x0000000701600000, 0x0000000701600000|100%| O|  |TAMS 0x0000000701400000, 0x0000000701400000| Untracked 
|  11|0x0000000701600000, 0x0000000701800000, 0x0000000701800000|100%| O|  |TAMS 0x0000000701600000, 0x0000000701600000| Untracked 
|  12|0x0000000701800000, 0x0000000701a00000, 0x0000000701a00000|100%| O|  |TAMS 0x0000000701800000, 0x0000000701800000| Untracked 
|  13|0x0000000701a00000, 0x0000000701c00000, 0x0000000701c00000|100%| O|  |TAMS 0x0000000701a00000, 0x0000000701a00000| Untracked 
|  14|0x0000000701c00000, 0x0000000701e00000, 0x0000000701e00000|100%| O|  |TAMS 0x0000000701c00000, 0x0000000701c00000| Untracked 
|  15|0x0000000701e00000, 0x0000000701e38c00, 0x0000000702000000| 11%| O|  |TAMS 0x0000000701e00000, 0x0000000701e00000| Untracked 
|  16|0x0000000702000000, 0x0000000702000000, 0x0000000702200000|  0%| F|  |TAMS 0x0000000702000000, 0x0000000702000000| Untracked 
|  17|0x0000000702200000, 0x0000000702200000, 0x0000000702400000|  0%| F|  |TAMS 0x0000000702200000, 0x0000000702200000| Untracked 
|  18|0x0000000702400000, 0x0000000702400000, 0x0000000702600000|  0%| F|  |TAMS 0x0000000702400000, 0x0000000702400000| Untracked 
|  19|0x0000000702600000, 0x0000000702600000, 0x0000000702800000|  0%| F|  |TAMS 0x0000000702600000, 0x0000000702600000| Untracked 
|  20|0x0000000702800000, 0x0000000702800000, 0x0000000702a00000|  0%| F|  |TAMS 0x0000000702800000, 0x0000000702800000| Untracked 
|  21|0x0000000702a00000, 0x0000000702a00000, 0x0000000702c00000|  0%| F|  |TAMS 0x0000000702a00000, 0x0000000702a00000| Untracked 
|  22|0x0000000702c00000, 0x0000000702c00000, 0x0000000702e00000|  0%| F|  |TAMS 0x0000000702c00000, 0x0000000702c00000| Untracked 
|  23|0x0000000702e00000, 0x0000000702e00000, 0x0000000703000000|  0%| F|  |TAMS 0x0000000702e00000, 0x0000000702e00000| Untracked 
|  24|0x0000000703000000, 0x0000000703000000, 0x0000000703200000|  0%| F|  |TAMS 0x0000000703000000, 0x0000000703000000| Untracked 
|  25|0x0000000703200000, 0x0000000703200000, 0x0000000703400000|  0%| F|  |TAMS 0x0000000703200000, 0x0000000703200000| Untracked 
|  26|0x0000000703400000, 0x0000000703400000, 0x0000000703600000|  0%| F|  |TAMS 0x0000000703400000, 0x0000000703400000| Untracked 
|  27|0x0000000703600000, 0x00000007036569d0, 0x0000000703800000| 16%| S|CS|TAMS 0x0000000703600000, 0x0000000703600000| Complete 
|  28|0x0000000703800000, 0x0000000703a00000, 0x0000000703a00000|100%| S|CS|TAMS 0x0000000703800000, 0x0000000703800000| Complete 
|  29|0x0000000703a00000, 0x0000000703a00000, 0x0000000703c00000|  0%| F|  |TAMS 0x0000000703a00000, 0x0000000703a00000| Untracked 
|  30|0x0000000703c00000, 0x0000000703c00000, 0x0000000703e00000|  0%| F|  |TAMS 0x0000000703c00000, 0x0000000703c00000| Untracked 
|  31|0x0000000703e00000, 0x0000000703ed3680, 0x0000000704000000| 41%| E|  |TAMS 0x0000000703e00000, 0x0000000703e00000| Complete 
|  32|0x0000000704000000, 0x0000000704200000, 0x0000000704200000|100%| E|CS|TAMS 0x0000000704000000, 0x0000000704000000| Complete 
|  33|0x0000000704200000, 0x0000000704400000, 0x0000000704400000|100%| E|CS|TAMS 0x0000000704200000, 0x0000000704200000| Complete 
|  34|0x0000000704400000, 0x0000000704600000, 0x0000000704600000|100%| E|CS|TAMS 0x0000000704400000, 0x0000000704400000| Complete 
|  35|0x0000000704600000, 0x0000000704800000, 0x0000000704800000|100%| E|CS|TAMS 0x0000000704600000, 0x0000000704600000| Complete 
|  36|0x0000000704800000, 0x0000000704a00000, 0x0000000704a00000|100%| E|CS|TAMS 0x0000000704800000, 0x0000000704800000| Complete 
|  37|0x0000000704a00000, 0x0000000704c00000, 0x0000000704c00000|100%| E|CS|TAMS 0x0000000704a00000, 0x0000000704a00000| Complete 
|  38|0x0000000704c00000, 0x0000000704e00000, 0x0000000704e00000|100%| E|CS|TAMS 0x0000000704c00000, 0x0000000704c00000| Complete 
|  39|0x0000000704e00000, 0x0000000705000000, 0x0000000705000000|100%| E|CS|TAMS 0x0000000704e00000, 0x0000000704e00000| Complete 
|  40|0x0000000705000000, 0x0000000705200000, 0x0000000705200000|100%| E|CS|TAMS 0x0000000705000000, 0x0000000705000000| Complete 
|  41|0x0000000705200000, 0x0000000705400000, 0x0000000705400000|100%| E|CS|TAMS 0x0000000705200000, 0x0000000705200000| Complete 
|  42|0x0000000705400000, 0x0000000705600000, 0x0000000705600000|100%| E|CS|TAMS 0x0000000705400000, 0x0000000705400000| Complete 
|  43|0x0000000705600000, 0x0000000705800000, 0x0000000705800000|100%| E|CS|TAMS 0x0000000705600000, 0x0000000705600000| Complete 
|  44|0x0000000705800000, 0x0000000705a00000, 0x0000000705a00000|100%| E|CS|TAMS 0x0000000705800000, 0x0000000705800000| Complete 
|  45|0x0000000705a00000, 0x0000000705c00000, 0x0000000705c00000|100%| E|CS|TAMS 0x0000000705a00000, 0x0000000705a00000| Complete 
|  46|0x0000000705c00000, 0x0000000705e00000, 0x0000000705e00000|100%| E|CS|TAMS 0x0000000705c00000, 0x0000000705c00000| Complete 
|  47|0x0000000705e00000, 0x0000000706000000, 0x0000000706000000|100%| E|CS|TAMS 0x0000000705e00000, 0x0000000705e00000| Complete 
|  90|0x000000070b400000, 0x000000070b600000, 0x000000070b600000|100%| E|CS|TAMS 0x000000070b400000, 0x000000070b400000| Complete 
|  91|0x000000070b600000, 0x000000070b800000, 0x000000070b800000|100%| E|CS|TAMS 0x000000070b600000, 0x000000070b600000| Complete 
|  92|0x000000070b800000, 0x000000070ba00000, 0x000000070ba00000|100%| E|CS|TAMS 0x000000070b800000, 0x000000070b800000| Complete 
|  93|0x000000070ba00000, 0x000000070bc00000, 0x000000070bc00000|100%| E|CS|TAMS 0x000000070ba00000, 0x000000070ba00000| Complete 
|2046|0x00000007ffc00000, 0x00000007ffd76000, 0x00000007ffe00000| 73%|OA|  |TAMS 0x00000007ffd76000, 0x00000007ffc00000| Untracked 
|2047|0x00000007ffe00000, 0x00000007ffe80000, 0x0000000800000000| 25%|CA|  |TAMS 0x00000007ffe80000, 0x00000007ffe00000| Untracked 

Card table byte_map: [0x0000000106438000,0x0000000106c38000] _byte_map_base: 0x0000000102c38000

Marking Bits (Prev, Next): (CMBitMap*) 0x00007f8fae814a50, (CMBitMap*) 0x00007f8fae814a10
 Prev Bits: [0x0000000113f64000, 0x0000000117f64000)
 Next Bits: [0x000000010ff64000, 0x0000000113f64000)

Polling page: 0x0000000101376000

Metaspace:

Usage:
  Non-class:     26.99 MB used.
      Class:      4.20 MB used.
       Both:     31.20 MB used.

Virtual space:
  Non-class space:       64.00 MB reserved,      27.19 MB ( 42%) committed,  1 nodes.
      Class space:        1.00 GB reserved,       4.38 MB ( <1%) committed,  1 nodes.
             Both:        1.06 GB reserved,      31.56 MB (  3%) committed. 

Chunk freelists:
   Non-Class:  3.95 MB
       Class:  11.45 MB
        Both:  15.40 MB

MaxMetaspaceSize: unlimited
CompressedClassSpaceSize: 1.00 GB
Initial GC threshold: 21.00 MB
Current GC threshold: 35.12 MB
CDS: on
MetaspaceReclaimPolicy: balanced
 - commit_granule_bytes: 65536.
 - commit_granule_words: 8192.
 - virtual_space_node_default_size: 8388608.
 - enlarge_chunks_in_place: 1.
 - new_chunks_are_fully_committed: 0.
 - uncommit_free_chunks: 1.
 - use_allocation_guard: 0.
 - handle_deallocations: 1.


Internal statistics:

num_allocs_failed_limit: 5.
num_arena_births: 414.
num_arena_deaths: 0.
num_vsnodes_births: 2.
num_vsnodes_deaths: 0.
num_space_committed: 505.
num_space_uncommitted: 0.
num_chunks_returned_to_freelist: 5.
num_chunks_taken_from_freelist: 1489.
num_chunk_merges: 5.
num_chunk_splits: 1078.
num_chunks_enlarged: 846.
num_inconsistent_stats: 0.

CodeCache: size=49152Kb used=8093Kb max_used=8093Kb free=41058Kb
 bounds [0x0000000103438000, 0x0000000103c28000, 0x0000000106438000]
 total_blobs=4456 nmethods=3855 adapters=528
 compilation: enabled
              stopped_count=0, restarted_count=0
 full_count=0

Compilation events (20 events):
Event: 62.634 Thread 0x00007f8fb0012600 3852       1       org.springframework.asm.SymbolTable::put (150 bytes)
Event: 62.634 Thread 0x00007f8fb0012600 nmethod 3852 0x0000000103c17690 code [0x0000000103c17860, 0x0000000103c17e50]
Event: 62.634 Thread 0x00007f8fb0012600 3846       1       org.springframework.asm.ByteVector::putByte (39 bytes)
Event: 62.634 Thread 0x00007f8fb0012600 nmethod 3846 0x0000000103c18110 code [0x0000000103c182c0, 0x0000000103c18420]
Event: 62.634 Thread 0x00007f8fb0012600 3855       1       org.springframework.asm.ByteVector::putShort (52 bytes)
Event: 62.634 Thread 0x00007f8fb0012600 nmethod 3855 0x0000000103c18510 code [0x0000000103c186c0, 0x0000000103c18840]
Event: 62.634 Thread 0x00007f8fb0012600 3854       1       org.springframework.asm.Frame::execute (2292 bytes)
Event: 62.637 Thread 0x00007f8fb0012600 nmethod 3854 0x0000000103c18990 code [0x0000000103c195e0, 0x0000000103c1c750]
Event: 62.637 Thread 0x00007f8fb0012600 3850       1       org.springframework.cglib.core.Signature::getDescriptor (5 bytes)
Event: 62.637 Thread 0x00007f8fb0012600 nmethod 3850 0x0000000103c1e190 code [0x0000000103c1e320, 0x0000000103c1e3f0]
Event: 62.637 Thread 0x00007f8fb0012600 3849       1       org.springframework.cglib.core.Signature::getName (5 bytes)
Event: 62.637 Thread 0x00007f8fb0012600 nmethod 3849 0x0000000103c1e490 code [0x0000000103c1e620, 0x0000000103c1e6f0]
Event: 62.637 Thread 0x00007f8fb0012600 3844       1       org.springframework.asm.SymbolTable::hash (10 bytes)
Event: 62.637 Thread 0x00007f8fb0012600 nmethod 3844 0x0000000103c1e790 code [0x0000000103c1e920, 0x0000000103c1ea00]
Event: 62.637 Thread 0x00007f8fb0012600 3843       1       org.springframework.asm.Type::getType (10 bytes)
Event: 62.637 Thread 0x00007f8fb0012600 nmethod 3843 0x0000000103c1eb10 code [0x0000000103c1ecc0, 0x0000000103c1eda0]
Event: 62.637 Thread 0x00007f8fb0012600 3848       1       org.springframework.cglib.core.ReflectUtils$2::getSignature (5 bytes)
Event: 62.638 Thread 0x00007f8fb0012600 nmethod 3848 0x0000000103c1ee90 code [0x0000000103c1f020, 0x0000000103c1f0f0]
Event: 62.638 Thread 0x00007f8fb0012600 3845       1       org.springframework.core.annotation.AnnotationFilter$1::matches (2 bytes)
Event: 62.638 Thread 0x00007f8fb0012600 nmethod 3845 0x0000000103c1f190 code [0x0000000103c1f320, 0x0000000103c1f3f0]

GC Heap History (16 events):
Event: 9.180 GC heap before
{Heap before GC invocations=0 (full 0):
 garbage-first heap   total 266240K, used 18392K [0x0000000700000000, 0x0000000800000000)
  region size 2048K, 6 young (12288K), 0 survivors (0K)
 Metaspace       used 637K, committed 832K, reserved 1114112K
  class space    used 51K, committed 128K, reserved 1048576K
}
Event: 9.192 GC heap after
{Heap after GC invocations=1 (full 0):
 garbage-first heap   total 266240K, used 12781K [0x0000000700000000, 0x0000000800000000)
  region size 2048K, 1 young (2048K), 1 survivors (2048K)
 Metaspace       used 637K, committed 832K, reserved 1114112K
  class space    used 51K, committed 128K, reserved 1048576K
}
Event: 15.031 GC heap before
{Heap before GC invocations=1 (full 0):
 garbage-first heap   total 266240K, used 20973K [0x0000000700000000, 0x0000000800000000)
  region size 2048K, 6 young (12288K), 1 survivors (2048K)
 Metaspace       used 646K, committed 832K, reserved 1114112K
  class space    used 53K, committed 128K, reserved 1048576K
}
Event: 15.041 GC heap after
{Heap after GC invocations=2 (full 0):
 garbage-first heap   total 266240K, used 20550K [0x0000000700000000, 0x0000000800000000)
  region size 2048K, 1 young (2048K), 1 survivors (2048K)
 Metaspace       used 646K, committed 832K, reserved 1114112K
  class space    used 53K, committed 128K, reserved 1048576K
}
Event: 21.201 GC heap before
{Heap before GC invocations=2 (full 0):
 garbage-first heap   total 266240K, used 34886K [0x0000000700000000, 0x0000000800000000)
  region size 2048K, 8 young (16384K), 1 survivors (2048K)
 Metaspace       used 6264K, committed 6400K, reserved 1114112K
  class space    used 756K, committed 832K, reserved 1048576K
}
Event: 21.204 GC heap after
{Heap after GC invocations=3 (full 0):
 garbage-first heap   total 266240K, used 22451K [0x0000000700000000, 0x0000000800000000)
  region size 2048K, 1 young (2048K), 1 survivors (2048K)
 Metaspace       used 6264K, committed 6400K, reserved 1114112K
  class space    used 756K, committed 832K, reserved 1048576K
}
Event: 26.213 GC heap before
{Heap before GC invocations=3 (full 0):
 garbage-first heap   total 266240K, used 55219K [0x0000000700000000, 0x0000000800000000)
  region size 2048K, 18 young (36864K), 1 survivors (2048K)
 Metaspace       used 12822K, committed 13056K, reserved 1114112K
  class space    used 1733K, committed 1792K, reserved 1048576K
}
Event: 26.220 GC heap after
{Heap after GC invocations=4 (full 0):
 garbage-first heap   total 266240K, used 24289K [0x0000000700000000, 0x0000000800000000)
  region size 2048K, 2 young (4096K), 2 survivors (4096K)
 Metaspace       used 12822K, committed 13056K, reserved 1114112K
  class space    used 1733K, committed 1792K, reserved 1048576K
}
Event: 29.902 GC heap before
{Heap before GC invocations=4 (full 0):
 garbage-first heap   total 266240K, used 87777K [0x0000000700000000, 0x0000000800000000)
  region size 2048K, 34 young (69632K), 2 survivors (4096K)
 Metaspace       used 21253K, committed 21504K, reserved 1114112K
  class space    used 2810K, committed 2944K, reserved 1048576K
}
Event: 30.025 GC heap after
{Heap after GC invocations=5 (full 0):
 garbage-first heap   total 266240K, used 27851K [0x0000000700000000, 0x0000000800000000)
  region size 2048K, 4 young (8192K), 4 survivors (8192K)
 Metaspace       used 21253K, committed 21504K, reserved 1114112K
  class space    used 2810K, committed 2944K, reserved 1048576K
}
Event: 41.360 GC heap before
{Heap before GC invocations=6 (full 0):
 garbage-first heap   total 110592K, used 85195K [0x0000000700000000, 0x0000000800000000)
  region size 2048K, 32 young (65536K), 4 survivors (8192K)
 Metaspace       used 25873K, committed 26176K, reserved 1114112K
  class space    used 3412K, committed 3584K, reserved 1048576K
}
Event: 41.408 GC heap after
{Heap after GC invocations=7 (full 0):
 garbage-first heap   total 110592K, used 31756K [0x0000000700000000, 0x0000000800000000)
  region size 2048K, 4 young (8192K), 4 survivors (8192K)
 Metaspace       used 25873K, committed 26176K, reserved 1114112K
  class space    used 3412K, committed 3584K, reserved 1048576K
}
Event: 42.080 GC heap before
{Heap before GC invocations=7 (full 0):
 garbage-first heap   total 110592K, used 33804K [0x0000000700000000, 0x0000000800000000)
  region size 2048K, 5 young (10240K), 4 survivors (8192K)
 Metaspace       used 25908K, committed 26176K, reserved 1114112K
  class space    used 3418K, committed 3584K, reserved 1048576K
}
Event: 42.146 GC heap after
{Heap after GC invocations=8 (full 0):
 garbage-first heap   total 110592K, used 32226K [0x0000000700000000, 0x0000000800000000)
  region size 2048K, 1 young (2048K), 1 survivors (2048K)
 Metaspace       used 25908K, committed 26176K, reserved 1114112K
  class space    used 3418K, committed 3584K, reserved 1048576K
}
Event: 51.696 GC heap before
{Heap before GC invocations=8 (full 0):
 garbage-first heap   total 110592K, used 77282K [0x0000000700000000, 0x0000000800000000)
  region size 2048K, 23 young (47104K), 1 survivors (2048K)
 Metaspace       used 28763K, committed 29056K, reserved 1114112K
  class space    used 3809K, committed 3968K, reserved 1048576K
}
Event: 51.738 GC heap after
{Heap after GC invocations=9 (full 0):
 garbage-first heap   total 110592K, used 33301K [0x0000000700000000, 0x0000000800000000)
  region size 2048K, 2 young (4096K), 2 survivors (4096K)
 Metaspace       used 28763K, committed 29056K, reserved 1114112K
  class space    used 3809K, committed 3968K, reserved 1048576K
}

Deoptimization events (20 events):
Event: 61.343 Thread 0x00007f8fae80ea00 DEOPT PACKING pc=0x0000000103955a84 sp=0x000070000dc67a60
Event: 61.343 Thread 0x00007f8fae80ea00 DEOPT UNPACKING pc=0x000000010348a82f sp=0x000070000dc66ff8 mode 1
Event: 61.902 Thread 0x00007f8fae80ea00 DEOPT PACKING pc=0x00000001036f4464 sp=0x000070000dc673f0
Event: 61.902 Thread 0x00007f8fae80ea00 DEOPT UNPACKING pc=0x000000010348a82f sp=0x000070000dc668a8 mode 1
Event: 61.902 Thread 0x00007f8fae80ea00 DEOPT PACKING pc=0x00000001036f369c sp=0x000070000dc674c0
Event: 61.902 Thread 0x00007f8fae80ea00 DEOPT UNPACKING pc=0x000000010348a82f sp=0x000070000dc66998 mode 1
Event: 61.902 Thread 0x00007f8fae80ea00 DEOPT PACKING pc=0x00000001036e47f4 sp=0x000070000dc67bd0
Event: 61.902 Thread 0x00007f8fae80ea00 DEOPT UNPACKING pc=0x000000010348a82f sp=0x000070000dc670e0 mode 1
Event: 62.623 Thread 0x00007f8fae80ea00 DEOPT PACKING pc=0x00000001036f4464 sp=0x000070000dc67400
Event: 62.623 Thread 0x00007f8fae80ea00 DEOPT UNPACKING pc=0x000000010348a82f sp=0x000070000dc668b8 mode 1
Event: 62.623 Thread 0x00007f8fae80ea00 DEOPT PACKING pc=0x00000001036f369c sp=0x000070000dc674d0
Event: 62.623 Thread 0x00007f8fae80ea00 DEOPT UNPACKING pc=0x000000010348a82f sp=0x000070000dc669a8 mode 1
Event: 62.623 Thread 0x00007f8fae80ea00 DEOPT PACKING pc=0x00000001036e47f4 sp=0x000070000dc67be0
Event: 62.623 Thread 0x00007f8fae80ea00 DEOPT UNPACKING pc=0x000000010348a82f sp=0x000070000dc670f0 mode 1
Event: 62.627 Thread 0x00007f8fae80ea00 DEOPT PACKING pc=0x00000001036f4464 sp=0x000070000dc67400
Event: 62.627 Thread 0x00007f8fae80ea00 DEOPT UNPACKING pc=0x000000010348a82f sp=0x000070000dc668b8 mode 1
Event: 62.628 Thread 0x00007f8fae80ea00 DEOPT PACKING pc=0x00000001036f369c sp=0x000070000dc674d0
Event: 62.628 Thread 0x00007f8fae80ea00 DEOPT UNPACKING pc=0x000000010348a82f sp=0x000070000dc669a8 mode 1
Event: 62.628 Thread 0x00007f8fae80ea00 DEOPT PACKING pc=0x00000001036e47f4 sp=0x000070000dc67be0
Event: 62.628 Thread 0x00007f8fae80ea00 DEOPT UNPACKING pc=0x000000010348a82f sp=0x000070000dc670f0 mode 1

Classes unloaded (0 events):
No events

Classes redefined (0 events):
No events

Internal exceptions (20 events):
Event: 61.459 Thread 0x00007f8fae80ea00 Exception <a 'java/lang/NoSuchMethodError'{0x00000007045227a0}: 'void java.lang.invoke.DirectMethodHandle$Holder.invokeStaticInit(java.lang.Object)'> (0x00000007045227a0) 
thrown [open/src/hotspot/share/interpreter/linkResolver.cpp, line 759]
Event: 61.884 Thread 0x00007f8fae80ea00 Exception <a 'java/lang/NoSuchMethodError'{0x000000070434b408}: 'java.lang.Object java.lang.invoke.DirectMethodHandle$Holder.invokeStaticInit(java.lang.Object, java.lang.Object, java.lang.Object, java.lang.Object, java.lang.Object, java.lang.Object, java.lang.Object)'> (0x000000070434b408) 
thrown [open/src/hotspot/share/interpreter/linkResolver.cpp, line 759]
Event: 61.888 Thread 0x00007f8fae80ea00 Exception <a 'java/lang/NoSuchMethodError'{0x000000070435bce0}: 'java.lang.Object java.lang.invoke.DirectMethodHandle$Holder.invokeSpecial(java.lang.Object, java.lang.Object, java.lang.Object, java.lang.Object, java.lang.Object, java.lang.Object, java.lang.Object, java.lang.Object, java.lang.Object)'> (0x000000070435bce0) 
thrown [open/src/hotspot/share/interpreter/linkResolver.cpp, line 759]
Event: 61.889 Thread 0x00007f8fae80ea00 Exception <a 'java/lang/NoSuchMethodError'{0x00000007043826f0}: 'java.lang.Object java.lang.invoke.DirectMethodHandle$Holder.invokeSpecial(java.lang.Object, java.lang.Object, java.lang.Object, java.lang.Object, java.lang.Object, java.lang.Object, java.lang.Object, java.lang.Object, java.lang.Object, java.lang.Object, java.lang.Object, java.lang.Object, java.lang.Object, java.lang.Object)'> (0x00000007043826f0) 
thrown [open/src/hotspot/share/interpreter/linkResolver.cpp, line 759]
Event: 61.890 Thread 0x00007f8fae80ea00 Exception <a 'java/lang/NoSuchMethodError'{0x00000007043873c0}: 'java.lang.Object java.lang.invoke.Invokers$Holder.invoker(java.lang.Object, java.lang.Object, java.lang.Object, java.lang.Object, java.lang.Object, java.lang.Object, java.lang.Object, java.lang.Object, java.lang.Object, java.lang.Object, java.lang.Object, java.lang.Object, java.lang.Object, java.lang.Object)'> (0x00000007043873c0) 
thrown [open/src/hotspot/share/interpreter/linkResolver.cpp, line 759]
Event: 61.890 Thread 0x00007f8fae80ea00 Exception <a 'java/lang/NoSuchMethodError'{0x000000070438d030}: 'java.lang.Object java.lang.invoke.DirectMethodHandle$Holder.invokeSpecial(java.lang.Object, java.lang.Object, java.lang.Object, java.lang.Object, java.lang.Object, java.lang.Object, java.lang.Object, java.lang.Object, java.lang.Object, java.lang.Object, java.lang.Object, java.lang.Object, java.lang.Object, java.lang.Object, java.lang.Object)'> (0x000000070438d030) 
thrown [open/src/hotspot/share/interpreter/linkResolver.cpp, line 759]
Event: 61.892 Thread 0x00007f8fae80ea00 Exception <a 'java/lang/NoSuchMethodError'{0x000000070439e2d8}: 'int java.lang.invoke.DirectMethodHandle$Holder.invokeVirtual(java.lang.Object, java.lang.Object, java.lang.Object)'> (0x000000070439e2d8) 
thrown [open/src/hotspot/share/interpreter/linkResolver.cpp, line 759]
Event: 61.892 Thread 0x00007f8fae80ea00 Exception <a 'java/lang/NoSuchMethodError'{0x00000007043a1b90}: 'int java.lang.invoke.DirectMethodHandle$Holder.invokeVirtual(java.lang.Object, java.lang.Object)'> (0x00000007043a1b90) 
thrown [open/src/hotspot/share/interpreter/linkResolver.cpp, line 759]
Event: 61.892 Thread 0x00007f8fae80ea00 Exception <a 'java/lang/NoSuchMethodError'{0x00000007043a5d60}: 'int java.lang.invoke.DirectMethodHandle$Holder.invokeStaticInit(java.lang.Object, int, int)'> (0x00000007043a5d60) 
thrown [open/src/hotspot/share/interpreter/linkResolver.cpp, line 759]
Event: 61.893 Thread 0x00007f8fae80ea00 Exception <a 'java/lang/NoSuchMethodError'{0x00000007043ad568}: 'int java.lang.invoke.DirectMethodHandle$Holder.invokeStaticInit(java.lang.Object, long, long)'> (0x00000007043ad568) 
thrown [open/src/hotspot/share/interpreter/linkResolver.cpp, line 759]
Event: 61.893 Thread 0x00007f8fae80ea00 Exception <a 'java/lang/NoSuchMethodError'{0x00000007043b43b8}: 'int java.lang.invoke.DirectMethodHandle$Holder.invokeStaticInit(java.lang.Object, float, float)'> (0x00000007043b43b8) 
thrown [open/src/hotspot/share/interpreter/linkResolver.cpp, line 759]
Event: 61.893 Thread 0x00007f8fae80ea00 Exception <a 'java/lang/NoSuchMethodError'{0x00000007043bb210}: 'int java.lang.invoke.DirectMethodHandle$Holder.invokeStaticInit(java.lang.Object, double, double)'> (0x00000007043bb210) 
thrown [open/src/hotspot/share/interpreter/linkResolver.cpp, line 759]
Event: 61.894 Thread 0x00007f8fae80ea00 Exception <a 'java/lang/NoSuchMethodError'{0x00000007043bf700}: 'int java.lang.invoke.DirectMethodHandle$Holder.invokeStatic(java.lang.Object, long)'> (0x00000007043bf700) 
thrown [open/src/hotspot/share/interpreter/linkResolver.cpp, line 759]
Event: 61.898 Thread 0x00007f8fae80ea00 Exception <a 'java/lang/NoSuchMethodError'{0x00000007043ea6a0}: 'int java.lang.invoke.DirectMethodHandle$Holder.invokeSpecial(java.lang.Object, java.lang.Object, int)'> (0x00000007043ea6a0) 
thrown [open/src/hotspot/share/interpreter/linkResolver.cpp, line 759]
Event: 61.899 Thread 0x00007f8fae80ea00 Exception <a 'java/lang/NoSuchMethodError'{0x00000007043f1f98}: 'int java.lang.invoke.Invokers$Holder.linkToTargetMethod(java.lang.Object, java.lang.Object)'> (0x00000007043f1f98) 
thrown [open/src/hotspot/share/interpreter/linkResolver.cpp, line 759]
Event: 62.010 Thread 0x00007f8fae80ea00 Exception <a 'java/lang/NoSuchMethodError'{0x000000070409e3d8}: 'java.lang.Object java.lang.invoke.DirectMethodHandle$Holder.invokeSpecial(java.lang.Object, java.lang.Object, java.lang.Object, java.lang.Object, java.lang.Object, java.lang.Object, java.lang.Object, java.lang.Object, java.lang.Object, java.lang.Object)'> (0x000000070409e3d8) 
thrown [open/src/hotspot/share/interpreter/linkResolver.cpp, line 759]
Event: 62.011 Thread 0x00007f8fae80ea00 Exception <a 'java/lang/NoSuchMethodError'{0x00000007040a29c0}: 'java.lang.Object java.lang.invoke.Invokers$Holder.invoke_MT(java.lang.Object, java.lang.Object, java.lang.Object, java.lang.Object, java.lang.Object, java.lang.Object, java.lang.Object, java.lang.Object, java.lang.Object, java.lang.Object)'> (0x00000007040a29c0) 
thrown [open/src/hotspot/share/interpreter/linkResolver.cpp, line 759]
Event: 62.025 Thread 0x00007f8fae80ea00 Exception <a 'java/lang/NoSuchMethodError'{0x00000007040e5058}: 'java.lang.Object java.lang.invoke.DirectMethodHandle$Holder.invokeSpecial(java.lang.Object, java.lang.Object, int, java.lang.Object, java.lang.Object)'> (0x00000007040e5058) 
thrown [open/src/hotspot/share/interpreter/linkResolver.cpp, line 759]
Event: 62.025 Thread 0x00007f8fae80ea00 Exception <a 'java/lang/NoSuchMethodError'{0x00000007040e8d00}: 'java.lang.Object java.lang.invoke.DelegatingMethodHandle$Holder.delegate(java.lang.Object, int, java.lang.Object, java.lang.Object)'> (0x00000007040e8d00) 
thrown [open/src/hotspot/share/interpreter/linkResolver.cpp, line 759]
Event: 62.041 Thread 0x00007f8fae80ea00 Exception <a 'java/lang/NoSuchMethodError'{0x00000007040faaf8}: 'int java.lang.invoke.Invokers$Holder.linkToTargetMethod(java.lang.Object, java.lang.Object, java.lang.Object)'> (0x00000007040faaf8) 
thrown [open/src/hotspot/share/interpreter/linkResolver.cpp, line 759]

VM Operations (20 events):
Event: 57.399 Executing VM operation: HandshakeAllThreads
Event: 57.399 Executing VM operation: HandshakeAllThreads done
Event: 57.402 Executing VM operation: HandshakeAllThreads
Event: 57.402 Executing VM operation: HandshakeAllThreads done
Event: 57.549 Executing VM operation: HandshakeAllThreads
Event: 57.549 Executing VM operation: HandshakeAllThreads done
Event: 57.551 Executing VM operation: HandshakeAllThreads
Event: 57.551 Executing VM operation: HandshakeAllThreads done
Event: 58.556 Executing VM operation: Cleanup
Event: 58.556 Executing VM operation: Cleanup done
Event: 59.556 Executing VM operation: Cleanup
Event: 59.556 Executing VM operation: Cleanup done
Event: 60.557 Executing VM operation: Cleanup
Event: 60.557 Executing VM operation: Cleanup done
Event: 61.560 Executing VM operation: Cleanup
Event: 61.560 Executing VM operation: Cleanup done
Event: 61.932 Executing VM operation: HandshakeAllThreads
Event: 61.932 Executing VM operation: HandshakeAllThreads done
Event: 61.949 Executing VM operation: HandshakeAllThreads
Event: 61.949 Executing VM operation: HandshakeAllThreads done

Events (20 events):
Event: 62.619 loading class org/springframework/cglib/core/ClassNameReader$1 done
Event: 62.620 loading class org/springframework/cglib/proxy/MethodProxy
Event: 62.620 loading class org/springframework/cglib/proxy/MethodProxy done
Event: 62.620 loading class org/springframework/cglib/proxy/MethodProxy$CreateInfo
Event: 62.620 loading class org/springframework/cglib/proxy/MethodProxy$CreateInfo done
Event: 62.620 loading class org/springframework/cglib/proxy/Enhancer$EnhancerFactoryData
Event: 62.620 loading class org/springframework/cglib/proxy/Enhancer$EnhancerFactoryData done
Event: 62.621 loading class jdk/internal/reflect/UnsafeStaticObjectFieldAccessorImpl
Event: 62.621 loading class jdk/internal/reflect/UnsafeStaticObjectFieldAccessorImpl done
Event: 62.622 loading class org/opengoofy/index12306/biz/payservice/config/AliPayProperties$$SpringCGLIB$$0
Event: 62.622 loading class org/opengoofy/index12306/biz/payservice/config/AliPayProperties$$SpringCGLIB$$0 done
Event: 62.627 loading class org/apache/rocketmq/spring/autoconfigure/MessageConverterConfiguration$$SpringCGLIB$$0
Event: 62.627 loading class org/apache/rocketmq/spring/autoconfigure/MessageConverterConfiguration$$SpringCGLIB$$0 done
Event: 62.631 loading class org/springframework/cglib/proxy/MethodProxy$FastClassInfo
Event: 62.631 loading class org/springframework/cglib/proxy/MethodProxy$FastClassInfo done
Event: 62.631 loading class org/springframework/cglib/reflect/FastClass$Generator
Event: 62.631 loading class org/springframework/cglib/reflect/FastClass$Generator done
Event: 62.849 loading class org/springframework/cglib/reflect/FastClass
Event: 62.849 loading class org/springframework/cglib/reflect/FastClass done
Event: 62.945 loading class com/intellij/rt/debugger/agent/CaptureStorage$DeepCapturedStack


Dynamic libraries:
0x0000000101378000 	/Library/Java/JavaVirtualMachines/jdk-17.jdk/Contents/Home/lib/libjli.dylib
0x00007ff820f02000 	/usr/lib/libz.1.dylib
0x00007ff820fe2000 	/usr/lib/libSystem.B.dylib
0x00007ff820fdd000 	/usr/lib/system/libcache.dylib
0x00007ff820f99000 	/usr/lib/system/libcommonCrypto.dylib
0x00007ff820fc2000 	/usr/lib/system/libcompiler_rt.dylib
0x00007ff820fb8000 	/usr/lib/system/libcopyfile.dylib
0x00007ff815f71000 	/usr/lib/system/libcorecrypto.dylib
0x00007ff81602f000 	/usr/lib/system/libdispatch.dylib
0x00007ff8161f0000 	/usr/lib/system/libdyld.dylib
0x00007ff820fd4000 	/usr/lib/system/libkeymgr.dylib
0x00007ff820f77000 	/usr/lib/system/libmacho.dylib
0x00007ff8205f8000 	/usr/lib/system/libquarantine.dylib
0x00007ff820fd2000 	/usr/lib/system/libremovefile.dylib
0x00007ff81b184000 	/usr/lib/system/libsystem_asl.dylib
0x00007ff815f1a000 	/usr/lib/system/libsystem_blocks.dylib
0x00007ff8160b4000 	/usr/lib/system/libsystem_c.dylib
0x00007ff820fca000 	/usr/lib/system/libsystem_collections.dylib
0x00007ff81f8ac000 	/usr/lib/system/libsystem_configuration.dylib
0x00007ff81eb56000 	/usr/lib/system/libsystem_containermanager.dylib
0x00007ff820caf000 	/usr/lib/system/libsystem_coreservices.dylib
0x00007ff818827000 	/usr/lib/system/libsystem_darwin.dylib
0x00007ff820fd5000 	/usr/lib/system/libsystem_dnssd.dylib
0x00007ff8160b1000 	/usr/lib/system/libsystem_featureflags.dylib
0x00007ff816206000 	/usr/lib/system/libsystem_info.dylib
0x00007ff820f15000 	/usr/lib/system/libsystem_m.dylib
0x00007ff816003000 	/usr/lib/system/libsystem_malloc.dylib
0x00007ff81b11f000 	/usr/lib/system/libsystem_networkextension.dylib
0x00007ff818c4d000 	/usr/lib/system/libsystem_notify.dylib
0x00007ff827255000 	/usr/lib/system/libsystem_product_info_filter.dylib
0x00007ff81f8b0000 	/usr/lib/system/libsystem_sandbox.dylib
0x00007ff820fcf000 	/usr/lib/system/libsystem_secinit.dylib
0x00007ff8161ac000 	/usr/lib/system/libsystem_kernel.dylib
0x00007ff8161fc000 	/usr/lib/system/libsystem_platform.dylib
0x00007ff8161e4000 	/usr/lib/system/libsystem_pthread.dylib
0x00007ff81c9d2000 	/usr/lib/system/libsystem_symptoms.dylib
0x00007ff815f58000 	/usr/lib/system/libsystem_trace.dylib
0x00007ff820fa5000 	/usr/lib/system/libunwind.dylib
0x00007ff815f1c000 	/usr/lib/system/libxpc.dylib
0x00007ff816196000 	/usr/lib/libc++abi.dylib
0x00007ff816076000 	/usr/lib/libobjc.A.dylib
0x00007ff820fb0000 	/usr/lib/liboah.dylib
0x00007ff81613d000 	/usr/lib/libc++.1.dylib
0x00007ff82d062000 	/System/Library/Frameworks/Cocoa.framework/Versions/A/Cocoa
0x00007ff818cab000 	/System/Library/Frameworks/AppKit.framework/Versions/C/AppKit
0x00007ff81c1c0000 	/System/Library/Frameworks/CoreData.framework/Versions/A/CoreData
0x00007ff8170ae000 	/System/Library/Frameworks/Foundation.framework/Versions/C/Foundation
0x00007ff819b3b000 	/System/Library/PrivateFrameworks/UIFoundation.framework/Versions/A/UIFoundation
0x00007ff826f58000 	/System/Library/PrivateFrameworks/RemoteViewServices.framework/Versions/A/RemoteViewServices
0x00007ff81f236000 	/System/Library/PrivateFrameworks/XCTTargetBootstrap.framework/Versions/A/XCTTargetBootstrap
0x00007ff822dee000 	/System/Library/PrivateFrameworks/InternationalSupport.framework/Versions/A/InternationalSupport
0x00007ff822e78000 	/System/Library/PrivateFrameworks/UserActivity.framework/Versions/A/UserActivity
0x00007ff8221ca000 	/usr/lib/libspindump.dylib
0x00007ff819dca000 	/System/Library/Frameworks/UniformTypeIdentifiers.framework/Versions/A/UniformTypeIdentifiers
0x00007ff81d95b000 	/usr/lib/libapp_launch_measurement.dylib
0x00007ff81cb92000 	/System/Library/PrivateFrameworks/CoreAnalytics.framework/Versions/A/CoreAnalytics
0x00007ff81d95e000 	/System/Library/PrivateFrameworks/CoreAutoLayout.framework/Versions/A/CoreAutoLayout
0x00007ff81eb8e000 	/System/Library/Frameworks/Metal.framework/Versions/A/Metal
0x00007ff81f8bc000 	/usr/lib/liblangid.dylib
0x00007ff81f23b000 	/System/Library/PrivateFrameworks/CoreSVG.framework/Versions/A/CoreSVG
0x00007ff81b1b4000 	/System/Library/PrivateFrameworks/SkyLight.framework/Versions/A/SkyLight
0x00007ff81b553000 	/System/Library/Frameworks/CoreGraphics.framework/Versions/A/CoreGraphics
0x00007ff827618000 	/System/Library/Frameworks/Accelerate.framework/Versions/A/Accelerate
0x00007ff821c49000 	/System/Library/PrivateFrameworks/IconServices.framework/Versions/A/IconServices
0x00007ff81eb73000 	/System/Library/Frameworks/IOSurface.framework/Versions/A/IOSurface
0x00007ff81cbc0000 	/usr/lib/libDiagnosticMessagesClient.dylib
0x00007ff82ad06000 	/System/Library/Frameworks/ApplicationServices.framework/Versions/A/ApplicationServices
0x00007ff81f222000 	/System/Library/PrivateFrameworks/DFRFoundation.framework/Versions/A/DFRFoundation
0x00007ff818593000 	/usr/lib/libicucore.A.dylib
0x00007ff823be4000 	/System/Library/Frameworks/AudioToolbox.framework/Versions/A/AudioToolbox
0x00007ff822dfa000 	/System/Library/PrivateFrameworks/DataDetectorsCore.framework/Versions/A/DataDetectorsCore
0x00007ff91f2ff000 	/System/Library/PrivateFrameworks/TextInput.framework/Versions/A/TextInput
0x00007ff81b137000 	/usr/lib/libMobileGestalt.dylib
0x00007ff81ef2e000 	/System/Library/Frameworks/Carbon.framework/Versions/A/Frameworks/HIToolbox.framework/Versions/A/HIToolbox
0x00007ff81d35d000 	/System/Library/Frameworks/QuartzCore.framework/Versions/A/QuartzCore
0x00007ff818238000 	/System/Library/Frameworks/Security.framework/Versions/A/Security
0x00007ff826f90000 	/System/Library/Frameworks/Carbon.framework/Versions/A/Frameworks/SpeechRecognition.framework/Versions/A/SpeechRecognition
0x00007ff81d6bb000 	/System/Library/PrivateFrameworks/CoreUI.framework/Versions/A/CoreUI
0x00007ff817b02000 	/System/Library/Frameworks/CoreAudio.framework/Versions/A/CoreAudio
0x00007ff81ccaf000 	/System/Library/Frameworks/DiskArbitration.framework/Versions/A/DiskArbitration
0x00007ff8225ba000 	/System/Library/PrivateFrameworks/MultitouchSupport.framework/Versions/A/MultitouchSupport
0x00007ff81b136000 	/usr/lib/libenergytrace.dylib
0x00007ff818b97000 	/System/Library/Frameworks/IOKit.framework/Versions/A/IOKit
0x00007ff827380000 	/System/Library/Frameworks/CoreServices.framework/Versions/A/CoreServices
0x00007ff81d8f5000 	/System/Library/PrivateFrameworks/PerformanceAnalysis.framework/Versions/A/PerformanceAnalysis
0x00007ffa2efd4000 	/System/Library/Frameworks/OpenGL.framework/Versions/A/OpenGL
0x00007ff82051e000 	/System/Library/PrivateFrameworks/MobileKeyBag.framework/Versions/A/MobileKeyBag
0x00007ff81bc1f000 	/System/Library/Frameworks/ColorSync.framework/Versions/A/ColorSync
0x00007ff816231000 	/System/Library/Frameworks/CoreFoundation.framework/Versions/A/CoreFoundation
0x00007ff81f4b2000 	/System/Library/Frameworks/CoreImage.framework/Versions/A/CoreImage
0x00007ff817916000 	/System/Library/Frameworks/CoreText.framework/Versions/A/CoreText
0x00007ff81f26b000 	/System/Library/Frameworks/ImageIO.framework/Versions/A/ImageIO
0x00007ff820fe8000 	/System/Library/PrivateFrameworks/SoftLinking.framework/Versions/A/SoftLinking
0x00007ff81d9a6000 	/usr/lib/libxml2.2.dylib
0x00007ff82126c000 	/usr/lib/libcompression.dylib
0x00007ff822d21000 	/System/Library/PrivateFrameworks/TextureIO.framework/Versions/A/TextureIO
0x00007ff82195a000 	/usr/lib/libate.dylib
0x00007ff821736000 	/usr/lib/liblzma.5.dylib
0x00007ff816dc0000 	/System/Library/Frameworks/SystemConfiguration.framework/Versions/A/SystemConfiguration
0x00007ff820fe4000 	/usr/lib/libfakelink.dylib
0x00007ff81ac91000 	/System/Library/Frameworks/CFNetwork.framework/Versions/A/CFNetwork
0x00007ff821125000 	/usr/lib/libarchive.2.dylib
0x00007ff81f8b8000 	/System/Library/PrivateFrameworks/AppleSystemInfo.framework/Versions/A/AppleSystemInfo
0x00007ff82061f000 	/usr/lib/libbsm.0.dylib
0x00007ff81a2a0000 	/usr/lib/libnetwork.dylib
0x00007ff820f7d000 	/usr/lib/system/libkxld.dylib
0x00007ff820252000 	/System/Library/PrivateFrameworks/IOMobileFramebuffer.framework/Versions/A/IOMobileFramebuffer
0x00007ffb2e9b5000 	/usr/lib/libCoreEntitlements.dylib
0x00007ff820c91000 	/System/Library/PrivateFrameworks/AppleFSCompression.framework/Versions/A/AppleFSCompression
0x00007ff820607000 	/usr/lib/libcoretls.dylib
0x00007ff821750000 	/usr/lib/libcoretls_cfhelpers.dylib
0x00007ff821266000 	/usr/lib/libpam.2.dylib
0x00007ff81c5f1000 	/usr/lib/libsqlite3.dylib
0x00007ff8217bf000 	/usr/lib/libxar.1.dylib
0x00007ff820ca1000 	/usr/lib/libbz2.1.0.dylib
0x00007ff820fe9000 	/usr/lib/libpcap.A.dylib
0x00007ff81c9ca000 	/usr/lib/libdns_services.dylib
0x00007ff821236000 	/usr/lib/libapple_nghttp2.dylib
0x00007ff821023000 	/usr/lib/libiconv.2.dylib
0x00007ff820f76000 	/usr/lib/libcharset.1.dylib
0x00007ff81d929000 	/System/Library/Frameworks/CoreServices.framework/Versions/A/Frameworks/FSEvents.framework/Versions/A/FSEvents
0x00007ff818831000 	/System/Library/Frameworks/CoreServices.framework/Versions/A/Frameworks/CarbonCore.framework/Versions/A/CarbonCore
0x00007ff81cc13000 	/System/Library/Frameworks/CoreServices.framework/Versions/A/Frameworks/Metadata.framework/Versions/A/Metadata
0x00007ff820cb4000 	/System/Library/Frameworks/CoreServices.framework/Versions/A/Frameworks/OSServices.framework/Versions/A/OSServices
0x00007ff8211ab000 	/System/Library/Frameworks/CoreServices.framework/Versions/A/Frameworks/SearchKit.framework/Versions/A/SearchKit
0x00007ff81c95c000 	/System/Library/Frameworks/CoreServices.framework/Versions/A/Frameworks/AE.framework/Versions/A/AE
0x00007ff816734000 	/System/Library/Frameworks/CoreServices.framework/Versions/A/Frameworks/LaunchServices.framework/Versions/A/LaunchServices
0x00007ff8216e7000 	/System/Library/Frameworks/CoreServices.framework/Versions/A/Frameworks/DictionaryServices.framework/Versions/A/DictionaryServices
0x00007ff81d936000 	/System/Library/Frameworks/CoreServices.framework/Versions/A/Frameworks/SharedFileList.framework/Versions/A/SharedFileList
0x00007ff8205fb000 	/usr/lib/libCheckFix.dylib
0x00007ff81b19b000 	/System/Library/PrivateFrameworks/TCC.framework/Versions/A/TCC
0x00007ff81f8be000 	/System/Library/PrivateFrameworks/CoreNLP.framework/Versions/A/CoreNLP
0x00007ff81cbc3000 	/System/Library/PrivateFrameworks/MetadataUtilities.framework/Versions/A/MetadataUtilities
0x00007ff816e71000 	/usr/lib/libmecabra.dylib
0x00007ff82062f000 	/usr/lib/libmecab.dylib
0x00007ff816e3c000 	/usr/lib/libCRFSuite.dylib
0x00007ff820689000 	/usr/lib/libgermantok.dylib
0x00007ff821211000 	/usr/lib/libThaiTokenizer.dylib
0x00007ff81ccb6000 	/System/Library/Frameworks/Accelerate.framework/Versions/A/Frameworks/vImage.framework/Versions/A/vImage
0x00007ff827357000 	/System/Library/Frameworks/Accelerate.framework/Versions/A/Frameworks/vecLib.framework/Versions/A/vecLib
0x00007ff821800000 	/System/Library/Frameworks/Accelerate.framework/Versions/A/Frameworks/vecLib.framework/Versions/A/libvMisc.dylib
0x00007ff82007d000 	/System/Library/Frameworks/Accelerate.framework/Versions/A/Frameworks/vecLib.framework/Versions/A/libvDSP.dylib
0x00007ff816ab0000 	/System/Library/Frameworks/Accelerate.framework/Versions/A/Frameworks/vecLib.framework/Versions/A/libBLAS.dylib
0x00007ff821349000 	/System/Library/Frameworks/Accelerate.framework/Versions/A/Frameworks/vecLib.framework/Versions/A/libLAPACK.dylib
0x00007ff82068c000 	/System/Library/Frameworks/Accelerate.framework/Versions/A/Frameworks/vecLib.framework/Versions/A/libLinearAlgebra.dylib
0x00007ff82124e000 	/System/Library/Frameworks/Accelerate.framework/Versions/A/Frameworks/vecLib.framework/Versions/A/libSparseBLAS.dylib
0x00007ff821343000 	/System/Library/Frameworks/Accelerate.framework/Versions/A/Frameworks/vecLib.framework/Versions/A/libQuadrature.dylib
0x00007ff81f9a9000 	/System/Library/Frameworks/Accelerate.framework/Versions/A/Frameworks/vecLib.framework/Versions/A/libBNNS.dylib
0x00007ff816d4a000 	/System/Library/Frameworks/Accelerate.framework/Versions/A/Frameworks/vecLib.framework/Versions/A/libSparse.dylib
0x00007ff81f9a2000 	/System/Library/PrivateFrameworks/LinguisticData.framework/Versions/A/LinguisticData
0x00007ff816d00000 	/System/Library/PrivateFrameworks/Lexicon.framework/Versions/A/Lexicon
0x00007ff8217f9000 	/usr/lib/libChineseTokenizer.dylib
0x00007ff81746b000 	/System/Library/PrivateFrameworks/LanguageModeling.framework/Versions/A/LanguageModeling
0x00007ff821213000 	/System/Library/PrivateFrameworks/AppleSauce.framework/Versions/A/AppleSauce
0x00007ff820240000 	/System/Library/PrivateFrameworks/CoreEmoji.framework/Versions/A/CoreEmoji
0x00007ff821114000 	/usr/lib/libcmph.dylib
0x00007ff81d90d000 	/System/Library/Frameworks/OpenDirectory.framework/Versions/A/Frameworks/CFOpenDirectory.framework/Versions/A/CFOpenDirectory
0x00007ff81d901000 	/System/Library/Frameworks/OpenDirectory.framework/Versions/A/OpenDirectory
0x00007ff821752000 	/System/Library/PrivateFrameworks/APFS.framework/Versions/A/APFS
0x00007ff820556000 	/System/Library/Frameworks/SecurityFoundation.framework/Versions/A/SecurityFoundation
0x00007ff8217cd000 	/usr/lib/libutil.dylib
0x00007ff818b5b000 	/System/Library/PrivateFrameworks/CoreServicesStore.framework/Versions/A/CoreServicesStore
0x00007ff8217d1000 	/usr/lib/libxslt.1.dylib
0x00007ff8205e3000 	/System/Library/PrivateFrameworks/BackgroundTaskManagement.framework/Versions/A/BackgroundTaskManagement
0x00007ff822c41000 	/System/Library/Frameworks/ImageIO.framework/Versions/A/Resources/libRadiance.dylib
0x00007ff822c4a000 	/System/Library/Frameworks/ImageIO.framework/Versions/A/Resources/libJPEG.dylib
0x00007ff822b99000 	/System/Library/Frameworks/ImageIO.framework/Versions/A/Resources/libPng.dylib
0x00007ff822bba000 	/System/Library/Frameworks/ImageIO.framework/Versions/A/Resources/libTIFF.dylib
0x00007ff822caa000 	/System/Library/Frameworks/ImageIO.framework/Versions/A/Resources/libGIF.dylib
0x00007ff8224d4000 	/System/Library/Frameworks/ImageIO.framework/Versions/A/Resources/libJP2.dylib
0x00007ff821c0f000 	/usr/lib/libexpat.1.dylib
0x00007ff822489000 	/System/Library/PrivateFrameworks/AppleJPEG.framework/Versions/A/AppleJPEG
0x00007ff81edf3000 	/System/Library/PrivateFrameworks/FontServices.framework/libFontParser.dylib
0x00007ff81c906000 	/System/Library/PrivateFrameworks/RunningBoardServices.framework/Versions/A/RunningBoardServices
0x00007ff82d61d000 	/System/Library/PrivateFrameworks/IOSurfaceAccelerator.framework/Versions/A/IOSurfaceAccelerator
0x00007ff8225b6000 	/System/Library/PrivateFrameworks/WatchdogClient.framework/Versions/A/WatchdogClient
0x00007ff817559000 	/System/Library/Frameworks/CoreDisplay.framework/Versions/A/CoreDisplay
0x00007ff81ecf1000 	/System/Library/Frameworks/CoreMedia.framework/Versions/A/CoreMedia
0x00007ff81eb85000 	/System/Library/PrivateFrameworks/IOAccelerator.framework/Versions/A/IOAccelerator
0x00007ff81da8a000 	/System/Library/Frameworks/CoreVideo.framework/Versions/A/CoreVideo
0x00007ff821264000 	/System/Library/Frameworks/MetalPerformanceShaders.framework/Versions/A/MetalPerformanceShaders
0x00007ff8225f3000 	/System/Library/Frameworks/VideoToolbox.framework/Versions/A/VideoToolbox
0x00007ff81c850000 	/System/Library/PrivateFrameworks/BaseBoard.framework/Versions/A/BaseBoard
0x00007ff81c5d7000 	/System/Library/PrivateFrameworks/ProtocolBuffer.framework/Versions/A/ProtocolBuffer
0x00007ff822c3a000 	/System/Library/PrivateFrameworks/GPUWrangler.framework/Versions/A/GPUWrangler
0x00007ff822c1e000 	/System/Library/PrivateFrameworks/IOPresentment.framework/Versions/A/IOPresentment
0x00007ff822c44000 	/System/Library/PrivateFrameworks/DSExternalDisplay.framework/Versions/A/DSExternalDisplay
0x00007ffa2efc8000 	/System/Library/Frameworks/OpenGL.framework/Versions/A/Libraries/libCoreFSCache.dylib
0x00007ffb1c0a0000 	/System/Library/PrivateFrameworks/GPUCompiler.framework/Versions/31001/Libraries/libGPUCompilerUtils.dylib
0x00007ff822caf000 	/System/Library/PrivateFrameworks/CMCaptureCore.framework/Versions/A/CMCaptureCore
0x00007ff8221b8000 	/System/Library/PrivateFrameworks/AppServerSupport.framework/Versions/A/AppServerSupport
0x00007ff82447d000 	/System/Library/PrivateFrameworks/perfdata.framework/Versions/A/perfdata
0x00007ff817685000 	/System/Library/PrivateFrameworks/AudioToolboxCore.framework/Versions/A/AudioToolboxCore
0x00007ff81eccf000 	/System/Library/PrivateFrameworks/caulk.framework/Versions/A/caulk
0x00007ff823d8f000 	/usr/lib/libAudioStatistics.dylib
0x00007ff91ba89000 	/System/Library/PrivateFrameworks/SystemPolicy.framework/Versions/A/SystemPolicy
0x00007ff823fea000 	/usr/lib/libSMC.dylib
0x00007ff82cf15000 	/System/Library/Frameworks/CoreMIDI.framework/Versions/A/CoreMIDI
0x00007ff822b68000 	/usr/lib/libAudioToolboxUtility.dylib
0x00007ff917cad000 	/System/Library/PrivateFrameworks/OSAServicesClient.framework/Versions/A/OSAServicesClient
0x00007ff82448a000 	/usr/lib/libperfcheck.dylib
0x00007ff91c53a000 	/usr/lib/libmis.dylib
0x00007ffa2f023000 	/System/Library/Frameworks/OpenGL.framework/Versions/A/Libraries/libGLU.dylib
0x00007ffa2efe7000 	/System/Library/Frameworks/OpenGL.framework/Versions/A/Libraries/libGFXShared.dylib
0x00007ffa2f1f0000 	/System/Library/Frameworks/OpenGL.framework/Versions/A/Libraries/libGL.dylib
0x00007ffa2eff0000 	/System/Library/Frameworks/OpenGL.framework/Versions/A/Libraries/libGLImage.dylib
0x00007ffa2efe4000 	/System/Library/Frameworks/OpenGL.framework/Versions/A/Libraries/libCVMSPluginSupport.dylib
0x00007ffa2efcf000 	/System/Library/Frameworks/OpenGL.framework/Versions/A/Libraries/libCoreVMClient.dylib
0x00007ff81f83a000 	/System/Library/Frameworks/MetalPerformanceShaders.framework/Versions/A/Frameworks/MPSCore.framework/Versions/A/MPSCore
0x00007ff820bfc000 	/System/Library/Frameworks/MetalPerformanceShaders.framework/Versions/A/Frameworks/MPSImage.framework/Versions/A/MPSImage
0x00007ff8206a2000 	/System/Library/Frameworks/MetalPerformanceShaders.framework/Versions/A/Frameworks/MPSNeuralNetwork.framework/Versions/A/MPSNeuralNetwork
0x00007ff820b16000 	/System/Library/Frameworks/MetalPerformanceShaders.framework/Versions/A/Frameworks/MPSMatrix.framework/Versions/A/MPSMatrix
0x00007ff8208d1000 	/System/Library/Frameworks/MetalPerformanceShaders.framework/Versions/A/Frameworks/MPSRayIntersector.framework/Versions/A/MPSRayIntersector
0x00007ff820b4e000 	/System/Library/Frameworks/MetalPerformanceShaders.framework/Versions/A/Frameworks/MPSNDArray.framework/Versions/A/MPSNDArray
0x00007ffa34aa8000 	/System/Library/Frameworks/MetalPerformanceShaders.framework/Versions/A/Frameworks/MPSFunctions.framework/Versions/A/MPSFunctions
0x00007ff81698c000 	/System/Library/PrivateFrameworks/MetalTools.framework/Versions/A/MetalTools
0x00007ff81f8b6000 	/System/Library/PrivateFrameworks/AggregateDictionary.framework/Versions/A/AggregateDictionary
0x00007ff8219f1000 	/usr/lib/libIOReport.dylib
0x00007ffa305ff000 	/System/Library/Frameworks/OpenCL.framework/Versions/A/OpenCL
0x00007ff821d56000 	/System/Library/PrivateFrameworks/FaceCore.framework/Versions/A/FaceCore
0x00007ff821d47000 	/System/Library/PrivateFrameworks/GraphVisualizer.framework/Versions/A/GraphVisualizer
0x00007ffb1bfab000 	/System/Library/PrivateFrameworks/FontServices.framework/Versions/A/FontServices
0x00007ff822170000 	/System/Library/PrivateFrameworks/OTSVG.framework/Versions/A/OTSVG
0x00007ff81d670000 	/System/Library/Frameworks/ApplicationServices.framework/Versions/A/Frameworks/ATS.framework/Versions/A/Resources/libFontRegistry.dylib
0x00007ff8221c0000 	/System/Library/PrivateFrameworks/FontServices.framework/libhvf.dylib
0x00007ffb1bfac000 	/System/Library/PrivateFrameworks/FontServices.framework/libXTFontStaticRegistryData.dylib
0x00007ff821bbf000 	/System/Library/PrivateFrameworks/AppleVA.framework/Versions/A/AppleVA
0x00007ff823daf000 	/System/Library/Frameworks/ApplicationServices.framework/Versions/A/Frameworks/ATS.framework/Versions/A/ATS
0x00007ff81bd1d000 	/System/Library/Frameworks/ApplicationServices.framework/Versions/A/Frameworks/HIServices.framework/Versions/A/HIServices
0x00007ff822cb9000 	/System/Library/Frameworks/ApplicationServices.framework/Versions/A/Frameworks/PrintCore.framework/Versions/A/PrintCore
0x00007ff82413d000 	/System/Library/Frameworks/ApplicationServices.framework/Versions/A/Frameworks/QD.framework/Versions/A/QD
0x00007ff824135000 	/System/Library/Frameworks/ApplicationServices.framework/Versions/A/Frameworks/ColorSyncLegacy.framework/Versions/A/ColorSyncLegacy
0x00007ff823d9f000 	/System/Library/Frameworks/ApplicationServices.framework/Versions/A/Frameworks/SpeechSynthesis.framework/Versions/A/SpeechSynthesis
0x00007ff822c7a000 	/System/Library/Frameworks/ApplicationServices.framework/Versions/A/Frameworks/ATSUI.framework/Versions/A/ATSUI
0x00007ff8240ca000 	/usr/lib/libcups.2.dylib
0x00007ff824499000 	/System/Library/Frameworks/Kerberos.framework/Versions/A/Kerberos
0x00007ff8244a8000 	/System/Library/Frameworks/GSS.framework/Versions/A/GSS
0x00007ff823e1b000 	/usr/lib/libresolv.9.dylib
0x00007ff8221cf000 	/System/Library/PrivateFrameworks/Heimdal.framework/Versions/A/Heimdal
0x00007ff82b098000 	/System/Library/Frameworks/Kerberos.framework/Versions/A/Libraries/libHeimdalProxy.dylib
0x00007ff81c9da000 	/System/Library/Frameworks/Network.framework/Versions/A/Network
0x00007ff821c2a000 	/usr/lib/libheimdal-asn1.dylib
0x00007ff8244f3000 	/System/Library/PrivateFrameworks/CommonAuth.framework/Versions/A/CommonAuth
0x00007ff823d21000 	/System/Library/PrivateFrameworks/AudioSession.framework/Versions/A/AudioSession
0x00007ff821cba000 	/System/Library/PrivateFrameworks/MediaExperience.framework/Versions/A/MediaExperience
0x00007ff823bb3000 	/System/Library/PrivateFrameworks/AudioSession.framework/libSessionUtility.dylib
0x00007ff824149000 	/System/Library/PrivateFrameworks/AudioResourceArbitration.framework/Versions/A/AudioResourceArbitration
0x00007ff8281ca000 	/System/Library/PrivateFrameworks/PowerLog.framework/Versions/A/PowerLog
0x00007ff821c33000 	/System/Library/PrivateFrameworks/IconFoundation.framework/Versions/A/IconFoundation
0x00007ff826f80000 	/System/Library/PrivateFrameworks/SpeechRecognitionCore.framework/Versions/A/SpeechRecognitionCore
0x00007ffa2126e000 	/System/Library/CoreServices/Encodings/libSimplifiedChineseConverter.dylib
0x00000001023b8000 	/Library/Java/JavaVirtualMachines/jdk-17.jdk/Contents/Home/lib/server/libjvm.dylib
0x00000001013a7000 	/Library/Java/JavaVirtualMachines/jdk-17.jdk/Contents/Home/lib/libjimage.dylib
0x00000001013fb000 	/Library/Java/JavaVirtualMachines/jdk-17.jdk/Contents/Home/lib/libjdwp.dylib
0x000000010143f000 	/Library/Java/JavaVirtualMachines/jdk-17.jdk/Contents/Home/lib/libjava.dylib
0x00000001013ca000 	/Library/Java/JavaVirtualMachines/jdk-17.jdk/Contents/Home/lib/libinstrument.dylib
0x00000001013de000 	/Library/Java/JavaVirtualMachines/jdk-17.jdk/Contents/Home/lib/libzip.dylib
0x0000000101d62000 	/Library/Java/JavaVirtualMachines/jdk-17.jdk/Contents/Home/lib/libdt_socket.dylib
0x0000000101d8d000 	/Library/Java/JavaVirtualMachines/jdk-17.jdk/Contents/Home/lib/libnio.dylib
0x0000000101dc7000 	/Library/Java/JavaVirtualMachines/jdk-17.jdk/Contents/Home/lib/libnet.dylib
0x0000000101da9000 	/Library/Java/JavaVirtualMachines/jdk-17.jdk/Contents/Home/lib/libmanagement.dylib
0x0000000101de7000 	/Library/Java/JavaVirtualMachines/jdk-17.jdk/Contents/Home/lib/libmanagement_ext.dylib
0x0000000101d72000 	/Library/Java/JavaVirtualMachines/jdk-17.jdk/Contents/Home/lib/libextnet.dylib
0x0000000101e0d000 	/Library/Java/JavaVirtualMachines/jdk-17.jdk/Contents/Home/lib/libverify.dylib


VM Arguments:
jvm_args: -agentlib:jdwp=transport=dt_socket,address=127.0.0.1:54819,suspend=y,server=n -XX:TieredStopAtLevel=1 -Dspring.output.ansi.enabled=always -Dcom.sun.management.jmxremote -Dspring.jmx.enabled=true -Dspring.liveBeansView.mbeanDomain -Dspring.application.admin.enabled=true -Dmanagement.endpoints.jmx.exposure.include=* -javaagent:/Users/huerni/Library/Caches/JetBrains/IntelliJIdea2023.2/captureAgent/debugger-agent.jar=file:/private/var/folders/x0/rm8sj2bn6n53psrh_mx9vdrw0000gn/T/capture.props -Dfile.encoding=UTF-8 
java_command: org.opengoofy.index12306.biz.payservice.PayServiceApplication
java_class_path (initial): /Users/huerni/huerni/java/12306/services/pay-service/target/classes:/Users/huerni/.m2/repository/org/springframework/boot/spring-boot-starter/3.0.7/spring-boot-starter-3.0.7.jar:/Users/huerni/.m2/repository/org/springframework/boot/spring-boot/3.0.7/spring-boot-3.0.7.jar:/Users/huerni/.m2/repository/org/springframework/spring-context/6.0.9/spring-context-6.0.9.jar:/Users/huerni/.m2/repository/org/springframework/boot/spring-boot-autoconfigure/3.0.7/spring-boot-autoconfigure-3.0.7.jar:/Users/huerni/.m2/repository/org/springframework/boot/spring-boot-starter-logging/3.0.7/spring-boot-starter-logging-3.0.7.jar:/Users/huerni/.m2/repository/ch/qos/logback/logback-classic/1.4.7/logback-classic-1.4.7.jar:/Users/huerni/.m2/repository/ch/qos/logback/logback-core/1.4.7/logback-core-1.4.7.jar:/Users/huerni/.m2/repository/org/apache/logging/log4j/log4j-to-slf4j/2.19.0/log4j-to-slf4j-2.19.0.jar:/Users/huerni/.m2/repository/org/apache/logging/log4j/log4j-api/2.19.0/log4j-api-2.19.0.jar:/Users/huerni/.m2/repository/jakarta/annotation/jakarta.annotation-api/2.1.1/jakarta.annotation-api-2.1.1.jar:/Users/huerni/.m2/repository/org/springframework/spring-core/6.0.9/spring-core-6.0.9.jar:/Users/huerni/.m2/repository/org/springframework/spring-jcl/6.0.9/spring-jcl-6.0.9.jar:/Users/huerni/.m2/repository/org/yaml/snakeyaml/1.33/snakeyaml-1.33.jar:/Users/huerni/.m2/repository/com/jayway/jsonpath/json-path/2.7.0/json-path-2.7.0.jar:/Users/huerni/.m2/repository/net/minidev/json-smart/2.4.11/json-smart-2.4.11.jar:/Users/huerni/.m2/repository/net/minidev/accessors-smart/2.4.11/accessors-smart-2.4.11.jar:/Users/huerni/.m2/repository/org/ow2/asm/asm/9.3/asm-9.3.jar:/Users/huerni/.m2/repository/jakarta/xml/bind/jakarta.xml.bind-api/4.0.0/jakarta.xml.bind-api-4.0.0.jar:/Users/huerni/.m2/repository/jakarta/activation/jakarta.activation-api/2.1.2/jakarta.activation-api-2.1.2.jar:/Users/huerni/.m2/repository/net/bytebuddy/byte-buddy/1.12.23/byte-buddy-1.12.23.jar:/Users/hu
Launcher Type: SUN_STANDARD

[Global flags]
     intx CICompilerCount                          = 3                                         {product} {ergonomic}
     uint ConcGCThreads                            = 1                                         {product} {ergonomic}
     uint G1ConcRefinementThreads                  = 4                                         {product} {ergonomic}
   size_t G1HeapRegionSize                         = 2097152                                   {product} {ergonomic}
    uintx GCDrainStackTargetSize                   = 64                                        {product} {ergonomic}
   size_t InitialHeapSize                          = 268435456                                 {product} {ergonomic}
     bool ManagementServer                         = true                                      {product} {command line}
   size_t MarkStackSize                            = 4194304                                   {product} {ergonomic}
   size_t MaxHeapSize                              = 4294967296                                {product} {ergonomic}
   size_t MaxNewSize                               = 2575302656                                {product} {ergonomic}
   size_t MinHeapDeltaBytes                        = 2097152                                   {product} {ergonomic}
   size_t MinHeapSize                              = 8388608                                   {product} {ergonomic}
    uintx NonProfiledCodeHeapSize                  = 0                                      {pd product} {ergonomic}
     bool ProfileInterpreter                       = false                                  {pd product} {command line}
    uintx ProfiledCodeHeapSize                     = 0                                      {pd product} {ergonomic}
   size_t SoftMaxHeapSize                          = 4294967296                             {manageable} {ergonomic}
     intx TieredStopAtLevel                        = 1                                         {product} {command line}
     bool UseCompressedClassPointers               = true                           {product lp64_product} {ergonomic}
     bool UseCompressedOops                        = true                           {product lp64_product} {ergonomic}
     bool UseG1GC                                  = true                                      {product} {ergonomic}
     bool UseNUMA                                  = false                                     {product} {ergonomic}
     bool UseNUMAInterleaving                      = false                                     {product} {ergonomic}

Logging:
Log output configuration:
 #0: stdout all=warning uptime,level,tags
 #1: stderr all=off uptime,level,tags

Environment Variables:
JAVA_HOME=/Library/Java/JavaVirtualMachines/jdk-17.jdk/Contents/Home
CLASSPATH=/Library/Java/JavaVirtualMachines/jdk-17.jdk/Contents/Home/lib/tools.jar:/Library/Java/JavaVirtualMachines/jdk-17.jdk/Contents/Home/lib/dt.jar:.
PATH=/Library/Java/JavaVirtualMachines/jdk-17.jdk/Contents/Home/bin:/usr/local/bin:/usr/bin:/bin:/usr/sbin:/sbin:.
SHELL=/bin/zsh
LC_CTYPE=zh_CN.UTF-8

Signal Handlers:
   SIGSEGV: _ZL13crash_handleriP9__siginfoPv in libjvm.dylib, mask=11100110000111110111111111111111, flags=SA_RESTART|SA_SIGINFO
    SIGBUS: _ZL13crash_handleriP9__siginfoPv in libjvm.dylib, mask=11100110000111110111111111111111, flags=SA_RESTART|SA_SIGINFO
    SIGFPE: _ZL13crash_handleriP9__siginfoPv in libjvm.dylib, mask=11100110000111110111111111111111, flags=SA_RESTART|SA_SIGINFO
   SIGPIPE: _ZL17javaSignalHandleriP9__siginfoPv in libjvm.dylib, mask=11100110000111110111111111111111, flags=SA_RESTART|SA_SIGINFO
   SIGXFSZ: _ZL17javaSignalHandleriP9__siginfoPv in libjvm.dylib, mask=11100110000111110111111111111111, flags=SA_RESTART|SA_SIGINFO
    SIGILL: _ZL13crash_handleriP9__siginfoPv in libjvm.dylib, mask=11100110000111110111111111111111, flags=SA_RESTART|SA_SIGINFO
   SIGUSR2: _ZL10SR_handleriP9__siginfoP17__darwin_ucontext in libjvm.dylib, mask=00100000000000000000000000000000, flags=SA_RESTART|SA_SIGINFO
    SIGHUP: _ZL11UserHandleriPvS_ in libjvm.dylib, mask=11100110000111110111111111111111, flags=SA_RESTART|SA_SIGINFO
    SIGINT: _ZL11UserHandleriPvS_ in libjvm.dylib, mask=11100110000111110111111111111111, flags=SA_RESTART|SA_SIGINFO
   SIGTERM: _ZL11UserHandleriPvS_ in libjvm.dylib, mask=11100110000111110111111111111111, flags=SA_RESTART|SA_SIGINFO
   SIGQUIT: _ZL11UserHandleriPvS_ in libjvm.dylib, mask=11100110000111110111111111111111, flags=SA_RESTART|SA_SIGINFO
   SIGTRAP: _ZL13crash_handleriP9__siginfoPv in libjvm.dylib, mask=11100110000111110111111111111111, flags=SA_RESTART|SA_SIGINFO


---------------  S Y S T E M  ---------------

OS:
uname: Darwin 21.6.0 Darwin Kernel Version 21.6.0: Wed Oct  4 23:55:28 PDT 2023; root:xnu-8020.240.18.704.15~1/RELEASE_X86_64 x86_64
OS uptime: 0 days 6:14 hours
rlimit (soft/hard): STACK 8192k/65532k , CORE 0k/infinity , NPROC 2784/4176 , NOFILE 10240/infinity , AS infinity/infinity , CPU infinity/infinity , DATA infinity/infinity , FSIZE infinity/infinity , MEMLOCK infinity/infinity , RSS infinity/infinity
load average: 6.21 4.06 3.56

CPU: total 4 (initial active 4) (4 cores per cpu, 1 threads per core) family 6 model 158 stepping 9 microcode 0xf0, cx8, cmov, fxsr, mmx, 3dnowpref, sse, sse2, sse3, ssse3, sse4.1, sse4.2, popcnt, lzcnt, tsc, tscinvbit, avx, avx2, aes, erms, clmul, bmi1, bmi2, adx, fma, vzeroupper, clflush, clflushopt

Memory: 4k page, physical 16777216k(92124k free), swap 3145728k(1187840k free)

vm_info: Java HotSpot(TM) 64-Bit Server VM (17.0.9+11-LTS-201) for bsd-amd64 JRE (17.0.9+11-LTS-201), built on Oct 10 2023 22:18:59 by "mach5one" with clang Apple LLVM 12.0.0 (clang-1200.0.32.29)

END.
